{"C:\\Users\\ktony\\Desktop\\HTML\\Institute-Management-\\server.js": {"path":"C:\\Users\\ktony\\Desktop\\HTML\\Institute-Management-\\server.js","statementMap":{"0":{"start":{"line":1,"column":0},"end":{"line":3,"column":3}},"1":{"start":{"line":4,"column":16},"end":{"line":4,"column":34}},"2":{"start":{"line":5,"column":13},"end":{"line":5,"column":28}},"3":{"start":{"line":6,"column":19},"end":{"line":6,"column":39}},"4":{"start":{"line":7,"column":13},"end":{"line":7,"column":28}},"5":{"start":{"line":8,"column":14},"end":{"line":8,"column":39}},"6":{"start":{"line":9,"column":15},"end":{"line":9,"column":32}},"7":{"start":{"line":10,"column":28},"end":{"line":10,"column":61}},"8":{"start":{"line":11,"column":16},"end":{"line":11,"column":42}},"9":{"start":{"line":12,"column":15},"end":{"line":12,"column":32}},"10":{"start":{"line":13,"column":18},"end":{"line":13,"column":47}},"11":{"start":{"line":14,"column":13},"end":{"line":14,"column":28}},"12":{"start":{"line":15,"column":11},"end":{"line":15,"column":24}},"13":{"start":{"line":18,"column":12},"end":{"line":18,"column":21}},"14":{"start":{"line":20,"column":16},"end":{"line":20,"column":36}},"15":{"start":{"line":21,"column":0},"end":{"line":28,"column":1}},"16":{"start":{"line":22,"column":21},"end":{"line":22,"column":60}},"17":{"start":{"line":23,"column":2},"end":{"line":25,"column":3}},"18":{"start":{"line":24,"column":4},"end":{"line":24,"column":64}},"19":{"start":{"line":27,"column":2},"end":{"line":27,"column":51}},"20":{"start":{"line":30,"column":0},"end":{"line":44,"column":2}},"21":{"start":{"line":45,"column":15},"end":{"line":45,"column":37}},"22":{"start":{"line":46,"column":11},"end":{"line":46,"column":29}},"23":{"start":{"line":47,"column":19},"end":{"line":47,"column":21}},"24":{"start":{"line":48,"column":15},"end":{"line":48,"column":32}},"25":{"start":{"line":49,"column":19},"end":{"line":49,"column":40}},"26":{"start":{"line":50,"column":15},"end":{"line":50,"column":32}},"27":{"start":{"line":52,"column":0},"end":{"line":55,"column":4}},"28":{"start":{"line":56,"column":0},"end":{"line":56,"column":24}},"29":{"start":{"line":57,"column":0},"end":{"line":57,"column":48}},"30":{"start":{"line":58,"column":0},"end":{"line":65,"column":2}},"31":{"start":{"line":67,"column":13},"end":{"line":67,"column":29}},"32":{"start":{"line":68,"column":23},"end":{"line":68,"column":46}},"33":{"start":{"line":69,"column":0},"end":{"line":69,"column":24}},"34":{"start":{"line":70,"column":0},"end":{"line":70,"column":34}},"35":{"start":{"line":72,"column":0},"end":{"line":74,"column":3}},"36":{"start":{"line":73,"column":2},"end":{"line":73,"column":43}},"37":{"start":{"line":77,"column":2},"end":{"line":79,"column":3}},"38":{"start":{"line":78,"column":4},"end":{"line":78,"column":63}},"39":{"start":{"line":80,"column":2},"end":{"line":82,"column":3}},"40":{"start":{"line":81,"column":4},"end":{"line":81,"column":93}},"41":{"start":{"line":83,"column":2},"end":{"line":83,"column":9}},"42":{"start":{"line":87,"column":2},"end":{"line":98,"column":4}},"43":{"start":{"line":88,"column":4},"end":{"line":90,"column":5}},"44":{"start":{"line":89,"column":6},"end":{"line":89,"column":65}},"45":{"start":{"line":91,"column":4},"end":{"line":93,"column":5}},"46":{"start":{"line":92,"column":6},"end":{"line":92,"column":95}},"47":{"start":{"line":94,"column":4},"end":{"line":96,"column":5}},"48":{"start":{"line":95,"column":6},"end":{"line":95,"column":66}},"49":{"start":{"line":97,"column":4},"end":{"line":97,"column":11}},"50":{"start":{"line":102,"column":23},"end":{"line":108,"column":2}},"51":{"start":{"line":109,"column":18},"end":{"line":109,"column":49}},"52":{"start":{"line":110,"column":0},"end":{"line":112,"column":1}},"53":{"start":{"line":111,"column":2},"end":{"line":111,"column":26}},"54":{"start":{"line":115,"column":21},"end":{"line":121,"column":2}},"55":{"start":{"line":122,"column":26},"end":{"line":122,"column":79}},"56":{"start":{"line":122,"column":58},"end":{"line":122,"column":64}},"57":{"start":{"line":125,"column":25},"end":{"line":131,"column":2}},"58":{"start":{"line":134,"column":11},"end":{"line":139,"column":2}},"59":{"start":{"line":141,"column":0},"end":{"line":143,"column":69}},"60":{"start":{"line":142,"column":14},"end":{"line":142,"column":56}},"61":{"start":{"line":143,"column":18},"end":{"line":143,"column":67}},"62":{"start":{"line":145,"column":0},"end":{"line":156,"column":3}},"63":{"start":{"line":158,"column":0},"end":{"line":158,"column":18}},"64":{"start":{"line":159,"column":0},"end":{"line":159,"column":18}},"65":{"start":{"line":160,"column":0},"end":{"line":160,"column":71}},"66":{"start":{"line":162,"column":0},"end":{"line":182,"column":3}},"67":{"start":{"line":163,"column":2},"end":{"line":163,"column":46}},"68":{"start":{"line":164,"column":2},"end":{"line":170,"column":5}},"69":{"start":{"line":165,"column":20},"end":{"line":165,"column":51}},"70":{"start":{"line":166,"column":4},"end":{"line":169,"column":5}},"71":{"start":{"line":167,"column":6},"end":{"line":167,"column":24}},"72":{"start":{"line":168,"column":6},"end":{"line":168,"column":62}},"73":{"start":{"line":172,"column":2},"end":{"line":177,"column":5}},"74":{"start":{"line":173,"column":4},"end":{"line":176,"column":5}},"75":{"start":{"line":174,"column":6},"end":{"line":174,"column":36}},"76":{"start":{"line":175,"column":6},"end":{"line":175,"column":69}},"77":{"start":{"line":179,"column":2},"end":{"line":181,"column":5}},"78":{"start":{"line":180,"column":4},"end":{"line":180,"column":49}},"79":{"start":{"line":187,"column":16},"end":{"line":196,"column":2}},"80":{"start":{"line":189,"column":16},"end":{"line":189,"column":39}},"81":{"start":{"line":190,"column":4},"end":{"line":190,"column":68}},"82":{"start":{"line":190,"column":29},"end":{"line":190,"column":68}},"83":{"start":{"line":191,"column":4},"end":{"line":191,"column":18}},"84":{"start":{"line":194,"column":4},"end":{"line":194,"column":75}},"85":{"start":{"line":198,"column":15},"end":{"line":210,"column":2}},"86":{"start":{"line":205,"column":4},"end":{"line":207,"column":5}},"87":{"start":{"line":206,"column":6},"end":{"line":206,"column":57}},"88":{"start":{"line":208,"column":4},"end":{"line":208,"column":19}},"89":{"start":{"line":212,"column":18},"end":{"line":219,"column":2}},"90":{"start":{"line":216,"column":21},"end":{"line":216,"column":77}},"91":{"start":{"line":217,"column":4},"end":{"line":217,"column":23}},"92":{"start":{"line":221,"column":28},"end":{"line":221,"column":53}},"93":{"start":{"line":224,"column":21},"end":{"line":224,"column":22}},"94":{"start":{"line":225,"column":25},"end":{"line":225,"column":39}},"95":{"start":{"line":227,"column":0},"end":{"line":301,"column":3}},"96":{"start":{"line":228,"column":33},"end":{"line":228,"column":41}},"97":{"start":{"line":230,"column":2},"end":{"line":300,"column":3}},"98":{"start":{"line":231,"column":22},"end":{"line":233,"column":6}},"99":{"start":{"line":235,"column":4},"end":{"line":240,"column":5}},"100":{"start":{"line":236,"column":6},"end":{"line":239,"column":9}},"101":{"start":{"line":242,"column":17},"end":{"line":242,"column":27}},"102":{"start":{"line":244,"column":4},"end":{"line":251,"column":5}},"103":{"start":{"line":245,"column":26},"end":{"line":247,"column":7}},"104":{"start":{"line":248,"column":6},"end":{"line":250,"column":9}},"105":{"start":{"line":253,"column":18},"end":{"line":253,"column":63}},"106":{"start":{"line":255,"column":4},"end":{"line":278,"column":5}},"107":{"start":{"line":256,"column":26},"end":{"line":256,"column":50}},"108":{"start":{"line":258,"column":6},"end":{"line":267,"column":7}},"109":{"start":{"line":259,"column":28},"end":{"line":259,"column":67}},"110":{"start":{"line":260,"column":8},"end":{"line":263,"column":10}},"111":{"start":{"line":264,"column":8},"end":{"line":266,"column":11}},"112":{"start":{"line":269,"column":6},"end":{"line":272,"column":8}},"113":{"start":{"line":274,"column":6},"end":{"line":277,"column":9}},"114":{"start":{"line":281,"column":4},"end":{"line":284,"column":6}},"115":{"start":{"line":286,"column":4},"end":{"line":291,"column":6}},"116":{"start":{"line":293,"column":4},"end":{"line":293,"column":23}},"117":{"start":{"line":295,"column":4},"end":{"line":295,"column":40}},"118":{"start":{"line":296,"column":4},"end":{"line":299,"column":7}},"119":{"start":{"line":303,"column":26},"end":{"line":307,"column":2}},"120":{"start":{"line":310,"column":0},"end":{"line":378,"column":3}},"121":{"start":{"line":311,"column":26},"end":{"line":311,"column":34}},"122":{"start":{"line":313,"column":2},"end":{"line":318,"column":3}},"123":{"start":{"line":314,"column":4},"end":{"line":317,"column":7}},"124":{"start":{"line":320,"column":2},"end":{"line":377,"column":3}},"125":{"start":{"line":322,"column":6},"end":{"line":324,"column":79}},"126":{"start":{"line":326,"column":22},"end":{"line":326,"column":58}},"127":{"start":{"line":330,"column":28},"end":{"line":333,"column":5}},"128":{"start":{"line":335,"column":4},"end":{"line":337,"column":5}},"129":{"start":{"line":336,"column":6},"end":{"line":336,"column":39}},"130":{"start":{"line":339,"column":16},"end":{"line":339,"column":59}},"131":{"start":{"line":340,"column":20},"end":{"line":340,"column":54}},"132":{"start":{"line":341,"column":22},"end":{"line":341,"column":59}},"133":{"start":{"line":344,"column":4},"end":{"line":344,"column":92}},"134":{"start":{"line":346,"column":4},"end":{"line":349,"column":6}},"135":{"start":{"line":351,"column":24},"end":{"line":357,"column":6}},"136":{"start":{"line":359,"column":4},"end":{"line":371,"column":7}},"137":{"start":{"line":373,"column":4},"end":{"line":373,"column":30}},"138":{"start":{"line":375,"column":4},"end":{"line":375,"column":46}},"139":{"start":{"line":376,"column":4},"end":{"line":376,"column":91}},"140":{"start":{"line":381,"column":0},"end":{"line":472,"column":3}},"141":{"start":{"line":382,"column":51},"end":{"line":382,"column":59}},"142":{"start":{"line":384,"column":2},"end":{"line":389,"column":3}},"143":{"start":{"line":385,"column":4},"end":{"line":388,"column":7}},"144":{"start":{"line":391,"column":2},"end":{"line":396,"column":3}},"145":{"start":{"line":392,"column":4},"end":{"line":395,"column":7}},"146":{"start":{"line":398,"column":2},"end":{"line":471,"column":3}},"147":{"start":{"line":399,"column":22},"end":{"line":404,"column":5}},"148":{"start":{"line":406,"column":4},"end":{"line":411,"column":5}},"149":{"start":{"line":407,"column":6},"end":{"line":410,"column":9}},"150":{"start":{"line":413,"column":22},"end":{"line":413,"column":32}},"151":{"start":{"line":415,"column":4},"end":{"line":420,"column":5}},"152":{"start":{"line":416,"column":6},"end":{"line":419,"column":9}},"153":{"start":{"line":422,"column":21},"end":{"line":422,"column":66}},"154":{"start":{"line":424,"column":4},"end":{"line":427,"column":5}},"155":{"start":{"line":425,"column":6},"end":{"line":425,"column":100}},"156":{"start":{"line":426,"column":6},"end":{"line":426,"column":95}},"157":{"start":{"line":430,"column":24},"end":{"line":430,"column":67}},"158":{"start":{"line":431,"column":21},"end":{"line":431,"column":69}},"159":{"start":{"line":433,"column":28},"end":{"line":436,"column":5}},"160":{"start":{"line":438,"column":4},"end":{"line":443,"column":5}},"161":{"start":{"line":439,"column":6},"end":{"line":442,"column":9}},"162":{"start":{"line":445,"column":27},"end":{"line":445,"column":66}},"163":{"start":{"line":446,"column":25},"end":{"line":449,"column":5}},"164":{"start":{"line":450,"column":22},"end":{"line":450,"column":41}},"165":{"start":{"line":452,"column":4},"end":{"line":464,"column":5}},"166":{"start":{"line":453,"column":6},"end":{"line":456,"column":8}},"167":{"start":{"line":458,"column":6},"end":{"line":458,"column":85}},"168":{"start":{"line":460,"column":6},"end":{"line":460,"column":76}},"169":{"start":{"line":462,"column":6},"end":{"line":462,"column":71}},"170":{"start":{"line":463,"column":6},"end":{"line":463,"column":20}},"171":{"start":{"line":466,"column":4},"end":{"line":466,"column":41}},"172":{"start":{"line":467,"column":4},"end":{"line":469,"column":5}},"173":{"start":{"line":468,"column":6},"end":{"line":468,"column":91}},"174":{"start":{"line":470,"column":4},"end":{"line":470,"column":90}},"175":{"start":{"line":475,"column":0},"end":{"line":538,"column":3}},"176":{"start":{"line":476,"column":17},"end":{"line":476,"column":34}},"177":{"start":{"line":478,"column":2},"end":{"line":480,"column":3}},"178":{"start":{"line":479,"column":4},"end":{"line":479,"column":64}},"179":{"start":{"line":482,"column":2},"end":{"line":537,"column":3}},"180":{"start":{"line":483,"column":25},"end":{"line":489,"column":5}},"181":{"start":{"line":491,"column":29},"end":{"line":491,"column":67}},"182":{"start":{"line":493,"column":4},"end":{"line":497,"column":5}},"183":{"start":{"line":494,"column":6},"end":{"line":496,"column":9}},"184":{"start":{"line":499,"column":20},"end":{"line":499,"column":37}},"185":{"start":{"line":501,"column":25},"end":{"line":510,"column":5}},"186":{"start":{"line":512,"column":22},"end":{"line":512,"column":72}},"187":{"start":{"line":514,"column":28},"end":{"line":523,"column":5}},"188":{"start":{"line":525,"column":25},"end":{"line":525,"column":78}},"189":{"start":{"line":527,"column":4},"end":{"line":531,"column":7}},"190":{"start":{"line":533,"column":4},"end":{"line":533,"column":47}},"191":{"start":{"line":534,"column":4},"end":{"line":536,"column":7}},"192":{"start":{"line":540,"column":0},"end":{"line":626,"column":3}},"193":{"start":{"line":541,"column":21},"end":{"line":541,"column":31}},"194":{"start":{"line":543,"column":2},"end":{"line":545,"column":3}},"195":{"start":{"line":544,"column":4},"end":{"line":544,"column":64}},"196":{"start":{"line":547,"column":2},"end":{"line":625,"column":3}},"197":{"start":{"line":549,"column":29},"end":{"line":552,"column":5}},"198":{"start":{"line":554,"column":4},"end":{"line":556,"column":5}},"199":{"start":{"line":555,"column":6},"end":{"line":555,"column":68}},"200":{"start":{"line":558,"column":22},"end":{"line":558,"column":50}},"201":{"start":{"line":561,"column":22},"end":{"line":576,"column":5}},"202":{"start":{"line":579,"column":22},"end":{"line":590,"column":5}},"203":{"start":{"line":593,"column":23},"end":{"line":593,"column":25}},"204":{"start":{"line":594,"column":4},"end":{"line":596,"column":7}},"205":{"start":{"line":595,"column":6},"end":{"line":595,"column":34}},"206":{"start":{"line":598,"column":19},"end":{"line":619,"column":6}},"207":{"start":{"line":599,"column":20},"end":{"line":599,"column":50}},"208":{"start":{"line":600,"column":22},"end":{"line":600,"column":54}},"209":{"start":{"line":601,"column":25},"end":{"line":601,"column":64}},"210":{"start":{"line":603,"column":16},"end":{"line":603,"column":44}},"211":{"start":{"line":604,"column":21},"end":{"line":604,"column":49}},"212":{"start":{"line":605,"column":23},"end":{"line":605,"column":53}},"213":{"start":{"line":606,"column":25},"end":{"line":606,"column":67}},"214":{"start":{"line":608,"column":6},"end":{"line":618,"column":8}},"215":{"start":{"line":621,"column":4},"end":{"line":621,"column":21}},"216":{"start":{"line":623,"column":4},"end":{"line":623,"column":52}},"217":{"start":{"line":624,"column":4},"end":{"line":624,"column":49}},"218":{"start":{"line":629,"column":0},"end":{"line":661,"column":3}},"219":{"start":{"line":630,"column":21},"end":{"line":630,"column":31}},"220":{"start":{"line":631,"column":2},"end":{"line":633,"column":3}},"221":{"start":{"line":632,"column":4},"end":{"line":632,"column":64}},"222":{"start":{"line":634,"column":2},"end":{"line":660,"column":3}},"223":{"start":{"line":635,"column":22},"end":{"line":641,"column":5}},"224":{"start":{"line":643,"column":4},"end":{"line":644,"column":68}},"225":{"start":{"line":644,"column":6},"end":{"line":644,"column":68}},"226":{"start":{"line":646,"column":22},"end":{"line":646,"column":43}},"227":{"start":{"line":648,"column":22},"end":{"line":654,"column":5}},"228":{"start":{"line":656,"column":4},"end":{"line":656,"column":47}},"229":{"start":{"line":658,"column":4},"end":{"line":658,"column":23}},"230":{"start":{"line":659,"column":4},"end":{"line":659,"column":72}},"231":{"start":{"line":665,"column":0},"end":{"line":706,"column":3}},"232":{"start":{"line":666,"column":2},"end":{"line":705,"column":3}},"233":{"start":{"line":667,"column":19},"end":{"line":667,"column":50}},"234":{"start":{"line":668,"column":19},"end":{"line":668,"column":42}},"235":{"start":{"line":669,"column":17},"end":{"line":669,"column":59}},"236":{"start":{"line":670,"column":18},"end":{"line":670,"column":77}},"237":{"start":{"line":671,"column":19},"end":{"line":671,"column":37}},"238":{"start":{"line":673,"column":18},"end":{"line":673,"column":20}},"239":{"start":{"line":674,"column":19},"end":{"line":674,"column":21}},"240":{"start":{"line":676,"column":4},"end":{"line":680,"column":5}},"241":{"start":{"line":677,"column":6},"end":{"line":677,"column":97}},"242":{"start":{"line":678,"column":19},"end":{"line":678,"column":32}},"243":{"start":{"line":679,"column":6},"end":{"line":679,"column":42}},"244":{"start":{"line":681,"column":4},"end":{"line":684,"column":5}},"245":{"start":{"line":682,"column":6},"end":{"line":682,"column":32}},"246":{"start":{"line":683,"column":6},"end":{"line":683,"column":26}},"247":{"start":{"line":686,"column":21},"end":{"line":686,"column":71}},"248":{"start":{"line":688,"column":24},"end":{"line":688,"column":100}},"249":{"start":{"line":689,"column":18},"end":{"line":689,"column":36}},"250":{"start":{"line":691,"column":19},"end":{"line":694,"column":5}},"251":{"start":{"line":696,"column":4},"end":{"line":701,"column":7}},"252":{"start":{"line":703,"column":4},"end":{"line":703,"column":53}},"253":{"start":{"line":704,"column":4},"end":{"line":704,"column":64}},"254":{"start":{"line":708,"column":0},"end":{"line":747,"column":3}},"255":{"start":{"line":709,"column":2},"end":{"line":746,"column":3}},"256":{"start":{"line":710,"column":19},"end":{"line":713,"column":5}},"257":{"start":{"line":715,"column":19},"end":{"line":715,"column":91}},"258":{"start":{"line":717,"column":22},"end":{"line":721,"column":5}},"259":{"start":{"line":718,"column":6},"end":{"line":718,"column":55}},"260":{"start":{"line":718,"column":45},"end":{"line":718,"column":55}},"261":{"start":{"line":719,"column":18},"end":{"line":719,"column":29}},"262":{"start":{"line":720,"column":6},"end":{"line":720,"column":71}},"263":{"start":{"line":723,"column":18},"end":{"line":736,"column":5}},"264":{"start":{"line":724,"column":6},"end":{"line":735,"column":18}},"265":{"start":{"line":738,"column":16},"end":{"line":738,"column":45}},"266":{"start":{"line":740,"column":4},"end":{"line":740,"column":46}},"267":{"start":{"line":741,"column":4},"end":{"line":741,"column":85}},"268":{"start":{"line":742,"column":4},"end":{"line":742,"column":18}},"269":{"start":{"line":744,"column":4},"end":{"line":744,"column":60}},"270":{"start":{"line":745,"column":4},"end":{"line":745,"column":66}},"271":{"start":{"line":749,"column":0},"end":{"line":892,"column":2}},"272":{"start":{"line":754,"column":4},"end":{"line":756,"column":5}},"273":{"start":{"line":755,"column":6},"end":{"line":755,"column":91}},"274":{"start":{"line":758,"column":4},"end":{"line":890,"column":5}},"275":{"start":{"line":759,"column":22},"end":{"line":763,"column":8}},"276":{"start":{"line":765,"column":6},"end":{"line":767,"column":7}},"277":{"start":{"line":766,"column":8},"end":{"line":766,"column":69}},"278":{"start":{"line":768,"column":6},"end":{"line":770,"column":7}},"279":{"start":{"line":769,"column":8},"end":{"line":769,"column":87}},"280":{"start":{"line":773,"column":22},"end":{"line":773,"column":81}},"281":{"start":{"line":774,"column":24},"end":{"line":774,"column":68}},"282":{"start":{"line":774,"column":49},"end":{"line":774,"column":66}},"283":{"start":{"line":775,"column":26},"end":{"line":775,"column":98}},"284":{"start":{"line":775,"column":51},"end":{"line":775,"column":96}},"285":{"start":{"line":778,"column":33},"end":{"line":778,"column":96}},"286":{"start":{"line":779,"column":26},"end":{"line":779,"column":76}},"287":{"start":{"line":779,"column":62},"end":{"line":779,"column":74}},"288":{"start":{"line":780,"column":29},"end":{"line":780,"column":96}},"289":{"start":{"line":780,"column":65},"end":{"line":780,"column":94}},"290":{"start":{"line":781,"column":29},"end":{"line":781,"column":74}},"291":{"start":{"line":781,"column":65},"end":{"line":781,"column":72}},"292":{"start":{"line":783,"column":25},"end":{"line":783,"column":53}},"293":{"start":{"line":784,"column":25},"end":{"line":784,"column":40}},"294":{"start":{"line":785,"column":24},"end":{"line":785,"column":54}},"295":{"start":{"line":786,"column":23},"end":{"line":786,"column":44}},"296":{"start":{"line":788,"column":28},"end":{"line":788,"column":37}},"297":{"start":{"line":789,"column":31},"end":{"line":789,"column":40}},"298":{"start":{"line":790,"column":31},"end":{"line":790,"column":40}},"299":{"start":{"line":792,"column":24},"end":{"line":792,"column":26}},"300":{"start":{"line":793,"column":21},"end":{"line":793,"column":23}},"301":{"start":{"line":795,"column":6},"end":{"line":847,"column":9}},"302":{"start":{"line":796,"column":23},"end":{"line":796,"column":30}},"303":{"start":{"line":797,"column":24},"end":{"line":797,"column":26}},"304":{"start":{"line":799,"column":27},"end":{"line":799,"column":56}},"305":{"start":{"line":800,"column":27},"end":{"line":800,"column":56}},"306":{"start":{"line":801,"column":26},"end":{"line":801,"column":54}},"307":{"start":{"line":802,"column":22},"end":{"line":802,"column":46}},"308":{"start":{"line":803,"column":22},"end":{"line":803,"column":46}},"309":{"start":{"line":804,"column":20},"end":{"line":804,"column":42}},"310":{"start":{"line":805,"column":26},"end":{"line":805,"column":70}},"311":{"start":{"line":807,"column":8},"end":{"line":810,"column":102}},"312":{"start":{"line":807,"column":25},"end":{"line":807,"column":74}},"313":{"start":{"line":808,"column":13},"end":{"line":810,"column":102}},"314":{"start":{"line":808,"column":41},"end":{"line":808,"column":90}},"315":{"start":{"line":809,"column":13},"end":{"line":810,"column":102}},"316":{"start":{"line":809,"column":46},"end":{"line":809,"column":98}},"317":{"start":{"line":810,"column":13},"end":{"line":810,"column":102}},"318":{"start":{"line":810,"column":48},"end":{"line":810,"column":102}},"319":{"start":{"line":812,"column":8},"end":{"line":812,"column":102}},"320":{"start":{"line":812,"column":56},"end":{"line":812,"column":102}},"321":{"start":{"line":813,"column":8},"end":{"line":813,"column":99}},"322":{"start":{"line":813,"column":54},"end":{"line":813,"column":99}},"323":{"start":{"line":815,"column":8},"end":{"line":817,"column":109}},"324":{"start":{"line":815,"column":47},"end":{"line":815,"column":88}},"325":{"start":{"line":816,"column":13},"end":{"line":817,"column":109}},"326":{"start":{"line":816,"column":58},"end":{"line":816,"column":105}},"327":{"start":{"line":817,"column":13},"end":{"line":817,"column":109}},"328":{"start":{"line":817,"column":60},"end":{"line":817,"column":109}},"329":{"start":{"line":819,"column":8},"end":{"line":821,"column":95}},"330":{"start":{"line":819,"column":47},"end":{"line":819,"column":102}},"331":{"start":{"line":820,"column":13},"end":{"line":821,"column":95}},"332":{"start":{"line":820,"column":44},"end":{"line":820,"column":91}},"333":{"start":{"line":821,"column":13},"end":{"line":821,"column":95}},"334":{"start":{"line":821,"column":46},"end":{"line":821,"column":95}},"335":{"start":{"line":823,"column":8},"end":{"line":824,"column":89}},"336":{"start":{"line":823,"column":41},"end":{"line":823,"column":102}},"337":{"start":{"line":824,"column":13},"end":{"line":824,"column":89}},"338":{"start":{"line":824,"column":45},"end":{"line":824,"column":89}},"339":{"start":{"line":826,"column":29},"end":{"line":826,"column":33}},"340":{"start":{"line":827,"column":8},"end":{"line":835,"column":9}},"341":{"start":{"line":828,"column":10},"end":{"line":828,"column":53}},"342":{"start":{"line":829,"column":15},"end":{"line":835,"column":9}},"343":{"start":{"line":830,"column":10},"end":{"line":830,"column":37}},"344":{"start":{"line":831,"column":15},"end":{"line":835,"column":9}},"345":{"start":{"line":832,"column":10},"end":{"line":832,"column":68}},"346":{"start":{"line":834,"column":10},"end":{"line":834,"column":67}},"347":{"start":{"line":837,"column":8},"end":{"line":840,"column":9}},"348":{"start":{"line":838,"column":10},"end":{"line":838,"column":85}},"349":{"start":{"line":839,"column":10},"end":{"line":839,"column":17}},"350":{"start":{"line":842,"column":8},"end":{"line":842,"column":38}},"351":{"start":{"line":843,"column":8},"end":{"line":843,"column":50}},"352":{"start":{"line":844,"column":8},"end":{"line":844,"column":36}},"353":{"start":{"line":846,"column":8},"end":{"line":846,"column":106}},"354":{"start":{"line":849,"column":22},"end":{"line":849,"column":24}},"355":{"start":{"line":851,"column":6},"end":{"line":878,"column":7}},"356":{"start":{"line":852,"column":25},"end":{"line":852,"column":93}},"357":{"start":{"line":853,"column":25},"end":{"line":853,"column":62}},"358":{"start":{"line":854,"column":31},"end":{"line":854,"column":70}},"359":{"start":{"line":856,"column":8},"end":{"line":877,"column":9}},"360":{"start":{"line":857,"column":31},"end":{"line":860,"column":11}},"361":{"start":{"line":861,"column":28},"end":{"line":861,"column":47}},"362":{"start":{"line":863,"column":10},"end":{"line":874,"column":11}},"363":{"start":{"line":864,"column":12},"end":{"line":869,"column":14}},"364":{"start":{"line":870,"column":12},"end":{"line":870,"column":75}},"365":{"start":{"line":872,"column":12},"end":{"line":872,"column":77}},"366":{"start":{"line":873,"column":12},"end":{"line":873,"column":111}},"367":{"start":{"line":876,"column":10},"end":{"line":876,"column":131}},"368":{"start":{"line":880,"column":6},"end":{"line":886,"column":9}},"369":{"start":{"line":888,"column":6},"end":{"line":888,"column":63}},"370":{"start":{"line":889,"column":6},"end":{"line":889,"column":92}},"371":{"start":{"line":894,"column":0},"end":{"line":931,"column":3}},"372":{"start":{"line":895,"column":2},"end":{"line":930,"column":3}},"373":{"start":{"line":896,"column":78},"end":{"line":896,"column":86}},"374":{"start":{"line":898,"column":21},"end":{"line":898,"column":89}},"375":{"start":{"line":900,"column":21},"end":{"line":900,"column":58}},"376":{"start":{"line":901,"column":27},"end":{"line":901,"column":66}},"377":{"start":{"line":903,"column":25},"end":{"line":906,"column":5}},"378":{"start":{"line":908,"column":22},"end":{"line":908,"column":41}},"379":{"start":{"line":910,"column":4},"end":{"line":926,"column":5}},"380":{"start":{"line":911,"column":6},"end":{"line":917,"column":8}},"381":{"start":{"line":919,"column":6},"end":{"line":922,"column":9}},"382":{"start":{"line":924,"column":6},"end":{"line":924,"column":71}},"383":{"start":{"line":925,"column":6},"end":{"line":925,"column":23}},"384":{"start":{"line":928,"column":4},"end":{"line":928,"column":23}},"385":{"start":{"line":929,"column":4},"end":{"line":929,"column":49}},"386":{"start":{"line":933,"column":0},"end":{"line":962,"column":3}},"387":{"start":{"line":934,"column":2},"end":{"line":961,"column":3}},"388":{"start":{"line":935,"column":19},"end":{"line":935,"column":29}},"389":{"start":{"line":937,"column":21},"end":{"line":940,"column":5}},"390":{"start":{"line":942,"column":4},"end":{"line":946,"column":5}},"391":{"start":{"line":943,"column":6},"end":{"line":945,"column":9}},"392":{"start":{"line":948,"column":19},"end":{"line":948,"column":36}},"393":{"start":{"line":950,"column":4},"end":{"line":950,"column":68}},"394":{"start":{"line":952,"column":4},"end":{"line":952,"column":66}},"395":{"start":{"line":954,"column":4},"end":{"line":956,"column":7}},"396":{"start":{"line":958,"column":4},"end":{"line":960,"column":7}},"397":{"start":{"line":964,"column":0},"end":{"line":985,"column":3}},"398":{"start":{"line":965,"column":2},"end":{"line":984,"column":3}},"399":{"start":{"line":966,"column":19},"end":{"line":966,"column":29}},"400":{"start":{"line":967,"column":66},"end":{"line":967,"column":74}},"401":{"start":{"line":969,"column":21},"end":{"line":974,"column":5}},"402":{"start":{"line":976,"column":4},"end":{"line":978,"column":5}},"403":{"start":{"line":977,"column":6},"end":{"line":977,"column":66}},"404":{"start":{"line":980,"column":4},"end":{"line":980,"column":58}},"405":{"start":{"line":982,"column":4},"end":{"line":982,"column":53}},"406":{"start":{"line":983,"column":4},"end":{"line":983,"column":65}},"407":{"start":{"line":988,"column":0},"end":{"line":1029,"column":3}},"408":{"start":{"line":989,"column":2},"end":{"line":1028,"column":3}},"409":{"start":{"line":990,"column":19},"end":{"line":990,"column":50}},"410":{"start":{"line":991,"column":19},"end":{"line":991,"column":42}},"411":{"start":{"line":992,"column":17},"end":{"line":992,"column":59}},"412":{"start":{"line":993,"column":18},"end":{"line":993,"column":77}},"413":{"start":{"line":994,"column":19},"end":{"line":994,"column":37}},"414":{"start":{"line":996,"column":18},"end":{"line":996,"column":20}},"415":{"start":{"line":997,"column":19},"end":{"line":997,"column":21}},"416":{"start":{"line":999,"column":4},"end":{"line":1003,"column":5}},"417":{"start":{"line":1000,"column":6},"end":{"line":1000,"column":98}},"418":{"start":{"line":1001,"column":19},"end":{"line":1001,"column":32}},"419":{"start":{"line":1002,"column":6},"end":{"line":1002,"column":42}},"420":{"start":{"line":1004,"column":4},"end":{"line":1007,"column":5}},"421":{"start":{"line":1005,"column":6},"end":{"line":1005,"column":32}},"422":{"start":{"line":1006,"column":6},"end":{"line":1006,"column":26}},"423":{"start":{"line":1009,"column":21},"end":{"line":1009,"column":71}},"424":{"start":{"line":1011,"column":24},"end":{"line":1011,"column":99}},"425":{"start":{"line":1012,"column":18},"end":{"line":1012,"column":36}},"426":{"start":{"line":1014,"column":19},"end":{"line":1017,"column":5}},"427":{"start":{"line":1019,"column":4},"end":{"line":1024,"column":7}},"428":{"start":{"line":1026,"column":4},"end":{"line":1026,"column":52}},"429":{"start":{"line":1027,"column":4},"end":{"line":1027,"column":63}},"430":{"start":{"line":1032,"column":0},"end":{"line":1075,"column":3}},"431":{"start":{"line":1033,"column":2},"end":{"line":1074,"column":3}},"432":{"start":{"line":1035,"column":6},"end":{"line":1035,"column":14}},"433":{"start":{"line":1037,"column":21},"end":{"line":1037,"column":59}},"434":{"start":{"line":1039,"column":21},"end":{"line":1039,"column":58}},"435":{"start":{"line":1041,"column":27},"end":{"line":1041,"column":66}},"436":{"start":{"line":1043,"column":25},"end":{"line":1046,"column":5}},"437":{"start":{"line":1048,"column":22},"end":{"line":1048,"column":41}},"438":{"start":{"line":1050,"column":4},"end":{"line":1067,"column":5}},"439":{"start":{"line":1051,"column":6},"end":{"line":1057,"column":8}},"440":{"start":{"line":1059,"column":6},"end":{"line":1062,"column":9}},"441":{"start":{"line":1064,"column":6},"end":{"line":1064,"column":71}},"442":{"start":{"line":1066,"column":6},"end":{"line":1066,"column":23}},"443":{"start":{"line":1069,"column":4},"end":{"line":1069,"column":23}},"444":{"start":{"line":1071,"column":4},"end":{"line":1073,"column":7}},"445":{"start":{"line":1078,"column":0},"end":{"line":1107,"column":3}},"446":{"start":{"line":1079,"column":2},"end":{"line":1106,"column":3}},"447":{"start":{"line":1080,"column":19},"end":{"line":1080,"column":29}},"448":{"start":{"line":1082,"column":21},"end":{"line":1085,"column":5}},"449":{"start":{"line":1087,"column":4},"end":{"line":1091,"column":5}},"450":{"start":{"line":1088,"column":6},"end":{"line":1090,"column":9}},"451":{"start":{"line":1093,"column":19},"end":{"line":1093,"column":36}},"452":{"start":{"line":1095,"column":4},"end":{"line":1095,"column":67}},"453":{"start":{"line":1097,"column":4},"end":{"line":1097,"column":66}},"454":{"start":{"line":1099,"column":4},"end":{"line":1101,"column":7}},"455":{"start":{"line":1103,"column":4},"end":{"line":1105,"column":7}},"456":{"start":{"line":1109,"column":0},"end":{"line":1130,"column":3}},"457":{"start":{"line":1110,"column":2},"end":{"line":1129,"column":3}},"458":{"start":{"line":1111,"column":19},"end":{"line":1111,"column":29}},"459":{"start":{"line":1112,"column":74},"end":{"line":1112,"column":82}},"460":{"start":{"line":1114,"column":21},"end":{"line":1119,"column":5}},"461":{"start":{"line":1121,"column":4},"end":{"line":1123,"column":5}},"462":{"start":{"line":1122,"column":6},"end":{"line":1122,"column":66}},"463":{"start":{"line":1125,"column":4},"end":{"line":1125,"column":58}},"464":{"start":{"line":1127,"column":4},"end":{"line":1127,"column":52}},"465":{"start":{"line":1128,"column":4},"end":{"line":1128,"column":65}},"466":{"start":{"line":1133,"column":0},"end":{"line":1174,"column":3}},"467":{"start":{"line":1134,"column":2},"end":{"line":1173,"column":3}},"468":{"start":{"line":1135,"column":19},"end":{"line":1135,"column":50}},"469":{"start":{"line":1136,"column":19},"end":{"line":1136,"column":42}},"470":{"start":{"line":1137,"column":17},"end":{"line":1137,"column":59}},"471":{"start":{"line":1138,"column":18},"end":{"line":1138,"column":77}},"472":{"start":{"line":1139,"column":19},"end":{"line":1139,"column":37}},"473":{"start":{"line":1141,"column":18},"end":{"line":1141,"column":20}},"474":{"start":{"line":1142,"column":19},"end":{"line":1142,"column":21}},"475":{"start":{"line":1144,"column":4},"end":{"line":1148,"column":5}},"476":{"start":{"line":1145,"column":6},"end":{"line":1145,"column":61}},"477":{"start":{"line":1146,"column":19},"end":{"line":1146,"column":32}},"478":{"start":{"line":1147,"column":6},"end":{"line":1147,"column":30}},"479":{"start":{"line":1149,"column":4},"end":{"line":1152,"column":5}},"480":{"start":{"line":1150,"column":6},"end":{"line":1150,"column":32}},"481":{"start":{"line":1151,"column":6},"end":{"line":1151,"column":26}},"482":{"start":{"line":1154,"column":21},"end":{"line":1154,"column":71}},"483":{"start":{"line":1156,"column":24},"end":{"line":1156,"column":99}},"484":{"start":{"line":1157,"column":18},"end":{"line":1157,"column":36}},"485":{"start":{"line":1159,"column":19},"end":{"line":1162,"column":5}},"486":{"start":{"line":1164,"column":4},"end":{"line":1169,"column":7}},"487":{"start":{"line":1171,"column":4},"end":{"line":1171,"column":52}},"488":{"start":{"line":1172,"column":4},"end":{"line":1172,"column":63}},"489":{"start":{"line":1176,"column":0},"end":{"line":1197,"column":3}},"490":{"start":{"line":1177,"column":2},"end":{"line":1196,"column":3}},"491":{"start":{"line":1178,"column":57},"end":{"line":1178,"column":65}},"492":{"start":{"line":1180,"column":4},"end":{"line":1185,"column":6}},"493":{"start":{"line":1187,"column":4},"end":{"line":1189,"column":7}},"494":{"start":{"line":1191,"column":4},"end":{"line":1191,"column":23}},"495":{"start":{"line":1193,"column":4},"end":{"line":1195,"column":7}},"496":{"start":{"line":1199,"column":0},"end":{"line":1213,"column":3}},"497":{"start":{"line":1200,"column":2},"end":{"line":1212,"column":3}},"498":{"start":{"line":1201,"column":19},"end":{"line":1201,"column":29}},"499":{"start":{"line":1203,"column":4},"end":{"line":1203,"column":66}},"500":{"start":{"line":1205,"column":4},"end":{"line":1207,"column":7}},"501":{"start":{"line":1209,"column":4},"end":{"line":1211,"column":7}},"502":{"start":{"line":1215,"column":0},"end":{"line":1236,"column":3}},"503":{"start":{"line":1216,"column":2},"end":{"line":1235,"column":3}},"504":{"start":{"line":1217,"column":19},"end":{"line":1217,"column":29}},"505":{"start":{"line":1218,"column":46},"end":{"line":1218,"column":54}},"506":{"start":{"line":1220,"column":21},"end":{"line":1225,"column":5}},"507":{"start":{"line":1227,"column":4},"end":{"line":1229,"column":5}},"508":{"start":{"line":1228,"column":6},"end":{"line":1228,"column":65}},"509":{"start":{"line":1231,"column":4},"end":{"line":1231,"column":57}},"510":{"start":{"line":1233,"column":4},"end":{"line":1233,"column":52}},"511":{"start":{"line":1234,"column":4},"end":{"line":1234,"column":64}},"512":{"start":{"line":1239,"column":0},"end":{"line":1263,"column":3}},"513":{"start":{"line":1240,"column":2},"end":{"line":1262,"column":3}},"514":{"start":{"line":1241,"column":25},"end":{"line":1241,"column":35}},"515":{"start":{"line":1242,"column":31},"end":{"line":1242,"column":40}},"516":{"start":{"line":1244,"column":4},"end":{"line":1246,"column":5}},"517":{"start":{"line":1245,"column":6},"end":{"line":1245,"column":79}},"518":{"start":{"line":1248,"column":21},"end":{"line":1257,"column":5}},"519":{"start":{"line":1259,"column":4},"end":{"line":1259,"column":21}},"520":{"start":{"line":1261,"column":4},"end":{"line":1261,"column":30}},"521":{"start":{"line":1266,"column":0},"end":{"line":1294,"column":3}},"522":{"start":{"line":1267,"column":2},"end":{"line":1293,"column":3}},"523":{"start":{"line":1268,"column":43},"end":{"line":1268,"column":51}},"524":{"start":{"line":1270,"column":23},"end":{"line":1273,"column":5}},"525":{"start":{"line":1274,"column":26},"end":{"line":1274,"column":68}},"526":{"start":{"line":1274,"column":54},"end":{"line":1274,"column":66}},"527":{"start":{"line":1276,"column":21},"end":{"line":1276,"column":78}},"528":{"start":{"line":1276,"column":46},"end":{"line":1276,"column":77}},"529":{"start":{"line":1278,"column":4},"end":{"line":1280,"column":5}},"530":{"start":{"line":1279,"column":6},"end":{"line":1279,"column":79}},"531":{"start":{"line":1282,"column":16},"end":{"line":1282,"column":103}},"532":{"start":{"line":1284,"column":4},"end":{"line":1286,"column":5}},"533":{"start":{"line":1285,"column":6},"end":{"line":1285,"column":79}},"534":{"start":{"line":1288,"column":4},"end":{"line":1288,"column":59}},"535":{"start":{"line":1290,"column":4},"end":{"line":1290,"column":23}},"536":{"start":{"line":1292,"column":4},"end":{"line":1292,"column":30}},"537":{"start":{"line":1297,"column":0},"end":{"line":1345,"column":2}},"538":{"start":{"line":1299,"column":4},"end":{"line":1343,"column":5}},"539":{"start":{"line":1300,"column":27},"end":{"line":1300,"column":37}},"540":{"start":{"line":1301,"column":33},"end":{"line":1301,"column":42}},"541":{"start":{"line":1303,"column":6},"end":{"line":1305,"column":7}},"542":{"start":{"line":1304,"column":8},"end":{"line":1304,"column":81}},"543":{"start":{"line":1307,"column":27},"end":{"line":1310,"column":7}},"544":{"start":{"line":1311,"column":6},"end":{"line":1313,"column":7}},"545":{"start":{"line":1312,"column":8},"end":{"line":1312,"column":75}},"546":{"start":{"line":1315,"column":21},"end":{"line":1318,"column":7}},"547":{"start":{"line":1319,"column":6},"end":{"line":1321,"column":7}},"548":{"start":{"line":1320,"column":8},"end":{"line":1320,"column":89}},"549":{"start":{"line":1323,"column":21},"end":{"line":1337,"column":7}},"550":{"start":{"line":1339,"column":6},"end":{"line":1339,"column":21}},"551":{"start":{"line":1341,"column":6},"end":{"line":1341,"column":71}},"552":{"start":{"line":1342,"column":6},"end":{"line":1342,"column":63}},"553":{"start":{"line":1348,"column":20},"end":{"line":1355,"column":1}},"554":{"start":{"line":1358,"column":2},"end":{"line":1358,"column":61}},"555":{"start":{"line":1358,"column":49},"end":{"line":1358,"column":61}},"556":{"start":{"line":1359,"column":12},"end":{"line":1359,"column":21}},"557":{"start":{"line":1360,"column":2},"end":{"line":1360,"column":48}},"558":{"start":{"line":1363,"column":0},"end":{"line":1433,"column":3}},"559":{"start":{"line":1364,"column":2},"end":{"line":1432,"column":3}},"560":{"start":{"line":1365,"column":48},"end":{"line":1365,"column":56}},"561":{"start":{"line":1367,"column":4},"end":{"line":1369,"column":5}},"562":{"start":{"line":1368,"column":6},"end":{"line":1368,"column":99}},"563":{"start":{"line":1371,"column":25},"end":{"line":1374,"column":5}},"564":{"start":{"line":1375,"column":4},"end":{"line":1377,"column":5}},"565":{"start":{"line":1376,"column":6},"end":{"line":1376,"column":73}},"566":{"start":{"line":1379,"column":19},"end":{"line":1382,"column":5}},"567":{"start":{"line":1383,"column":4},"end":{"line":1385,"column":5}},"568":{"start":{"line":1384,"column":6},"end":{"line":1384,"column":87}},"569":{"start":{"line":1387,"column":4},"end":{"line":1395,"column":5}},"570":{"start":{"line":1388,"column":6},"end":{"line":1394,"column":7}},"571":{"start":{"line":1389,"column":8},"end":{"line":1393,"column":9}},"572":{"start":{"line":1390,"column":10},"end":{"line":1392,"column":13}},"573":{"start":{"line":1397,"column":16},"end":{"line":1410,"column":5}},"574":{"start":{"line":1412,"column":4},"end":{"line":1426,"column":5}},"575":{"start":{"line":1413,"column":6},"end":{"line":1425,"column":9}},"576":{"start":{"line":1428,"column":4},"end":{"line":1428,"column":54}},"577":{"start":{"line":1430,"column":4},"end":{"line":1430,"column":53}},"578":{"start":{"line":1431,"column":4},"end":{"line":1431,"column":61}},"579":{"start":{"line":1436,"column":0},"end":{"line":1473,"column":3}},"580":{"start":{"line":1437,"column":21},"end":{"line":1437,"column":31}},"581":{"start":{"line":1439,"column":2},"end":{"line":1441,"column":3}},"582":{"start":{"line":1440,"column":4},"end":{"line":1440,"column":64}},"583":{"start":{"line":1443,"column":2},"end":{"line":1472,"column":3}},"584":{"start":{"line":1444,"column":29},"end":{"line":1447,"column":5}},"585":{"start":{"line":1448,"column":4},"end":{"line":1450,"column":5}},"586":{"start":{"line":1449,"column":6},"end":{"line":1449,"column":68}},"587":{"start":{"line":1451,"column":22},"end":{"line":1451,"column":50}},"588":{"start":{"line":1453,"column":19},"end":{"line":1466,"column":5}},"589":{"start":{"line":1468,"column":4},"end":{"line":1468,"column":19}},"590":{"start":{"line":1470,"column":4},"end":{"line":1470,"column":60}},"591":{"start":{"line":1471,"column":4},"end":{"line":1471,"column":61}},"592":{"start":{"line":1476,"column":0},"end":{"line":1521,"column":3}},"593":{"start":{"line":1477,"column":2},"end":{"line":1520,"column":3}},"594":{"start":{"line":1478,"column":52},"end":{"line":1478,"column":60}},"595":{"start":{"line":1480,"column":4},"end":{"line":1484,"column":5}},"596":{"start":{"line":1481,"column":6},"end":{"line":1483,"column":9}},"597":{"start":{"line":1486,"column":27},"end":{"line":1493,"column":5}},"598":{"start":{"line":1495,"column":4},"end":{"line":1499,"column":5}},"599":{"start":{"line":1496,"column":6},"end":{"line":1498,"column":9}},"600":{"start":{"line":1501,"column":26},"end":{"line":1501,"column":52}},"601":{"start":{"line":1503,"column":4},"end":{"line":1509,"column":6}},"602":{"start":{"line":1511,"column":4},"end":{"line":1513,"column":7}},"603":{"start":{"line":1515,"column":4},"end":{"line":1515,"column":23}},"604":{"start":{"line":1517,"column":4},"end":{"line":1519,"column":7}},"605":{"start":{"line":1529,"column":17},"end":{"line":1535,"column":3}},"606":{"start":{"line":1537,"column":2},"end":{"line":1537,"column":32}},"607":{"start":{"line":1537,"column":25},"end":{"line":1537,"column":32}},"608":{"start":{"line":1539,"column":45},"end":{"line":1539,"column":52}},"609":{"start":{"line":1541,"column":16},"end":{"line":1541,"column":43}},"610":{"start":{"line":1542,"column":18},"end":{"line":1542,"column":105}},"611":{"start":{"line":1543,"column":17},"end":{"line":1543,"column":34}},"612":{"start":{"line":1546,"column":2},"end":{"line":1549,"column":4}},"613":{"start":{"line":1552,"column":2},"end":{"line":1552,"column":69}},"614":{"start":{"line":1553,"column":2},"end":{"line":1553,"column":69}},"615":{"start":{"line":1556,"column":0},"end":{"line":1570,"column":3}},"616":{"start":{"line":1557,"column":2},"end":{"line":1569,"column":3}},"617":{"start":{"line":1558,"column":4},"end":{"line":1561,"column":6}},"618":{"start":{"line":1563,"column":4},"end":{"line":1563,"column":64}},"619":{"start":{"line":1565,"column":4},"end":{"line":1565,"column":57}},"620":{"start":{"line":1567,"column":4},"end":{"line":1567,"column":23}},"621":{"start":{"line":1568,"column":4},"end":{"line":1568,"column":30}},"622":{"start":{"line":1572,"column":0},"end":{"line":1586,"column":3}},"623":{"start":{"line":1573,"column":2},"end":{"line":1585,"column":3}},"624":{"start":{"line":1574,"column":4},"end":{"line":1577,"column":6}},"625":{"start":{"line":1579,"column":4},"end":{"line":1579,"column":64}},"626":{"start":{"line":1581,"column":4},"end":{"line":1581,"column":57}},"627":{"start":{"line":1583,"column":4},"end":{"line":1583,"column":23}},"628":{"start":{"line":1584,"column":4},"end":{"line":1584,"column":30}},"629":{"start":{"line":1588,"column":0},"end":{"line":1612,"column":3}},"630":{"start":{"line":1589,"column":2},"end":{"line":1611,"column":3}},"631":{"start":{"line":1590,"column":21},"end":{"line":1604,"column":6}},"632":{"start":{"line":1606,"column":4},"end":{"line":1606,"column":21}},"633":{"start":{"line":1608,"column":4},"end":{"line":1608,"column":23}},"634":{"start":{"line":1610,"column":4},"end":{"line":1610,"column":30}},"635":{"start":{"line":1615,"column":0},"end":{"line":1647,"column":2}},"636":{"start":{"line":1621,"column":4},"end":{"line":1621,"column":77}},"637":{"start":{"line":1621,"column":19},"end":{"line":1621,"column":77}},"638":{"start":{"line":1623,"column":4},"end":{"line":1645,"column":5}},"639":{"start":{"line":1624,"column":6},"end":{"line":1627,"column":7}},"640":{"start":{"line":1625,"column":19},"end":{"line":1625,"column":44}},"641":{"start":{"line":1626,"column":8},"end":{"line":1626,"column":47}},"642":{"start":{"line":1628,"column":23},"end":{"line":1628,"column":60}},"643":{"start":{"line":1630,"column":6},"end":{"line":1633,"column":7}},"644":{"start":{"line":1631,"column":8},"end":{"line":1631,"column":37}},"645":{"start":{"line":1632,"column":8},"end":{"line":1632,"column":82}},"646":{"start":{"line":1635,"column":6},"end":{"line":1638,"column":9}},"647":{"start":{"line":1640,"column":6},"end":{"line":1640,"column":50}},"648":{"start":{"line":1641,"column":6},"end":{"line":1643,"column":7}},"649":{"start":{"line":1642,"column":8},"end":{"line":1642,"column":37}},"650":{"start":{"line":1644,"column":6},"end":{"line":1644,"column":73}},"651":{"start":{"line":1649,"column":0},"end":{"line":1656,"column":3}},"652":{"start":{"line":1650,"column":2},"end":{"line":1655,"column":3}},"653":{"start":{"line":1651,"column":19},"end":{"line":1651,"column":78}},"654":{"start":{"line":1652,"column":4},"end":{"line":1652,"column":19}},"655":{"start":{"line":1654,"column":4},"end":{"line":1654,"column":49}},"656":{"start":{"line":1659,"column":0},"end":{"line":1672,"column":3}},"657":{"start":{"line":1660,"column":2},"end":{"line":1671,"column":3}},"658":{"start":{"line":1661,"column":21},"end":{"line":1667,"column":6}},"659":{"start":{"line":1668,"column":4},"end":{"line":1668,"column":21}},"660":{"start":{"line":1670,"column":4},"end":{"line":1670,"column":49}},"661":{"start":{"line":1674,"column":0},"end":{"line":1686,"column":3}},"662":{"start":{"line":1675,"column":2},"end":{"line":1685,"column":3}},"663":{"start":{"line":1676,"column":26},"end":{"line":1676,"column":34}},"664":{"start":{"line":1677,"column":4},"end":{"line":1678,"column":67}},"665":{"start":{"line":1678,"column":6},"end":{"line":1678,"column":67}},"666":{"start":{"line":1679,"column":4},"end":{"line":1681,"column":7}},"667":{"start":{"line":1682,"column":4},"end":{"line":1682,"column":61}},"668":{"start":{"line":1684,"column":4},"end":{"line":1684,"column":49}},"669":{"start":{"line":1688,"column":0},"end":{"line":1700,"column":3}},"670":{"start":{"line":1689,"column":2},"end":{"line":1699,"column":3}},"671":{"start":{"line":1690,"column":19},"end":{"line":1690,"column":29}},"672":{"start":{"line":1691,"column":23},"end":{"line":1691,"column":31}},"673":{"start":{"line":1692,"column":4},"end":{"line":1695,"column":7}},"674":{"start":{"line":1696,"column":4},"end":{"line":1696,"column":54}},"675":{"start":{"line":1698,"column":4},"end":{"line":1698,"column":49}},"676":{"start":{"line":1702,"column":0},"end":{"line":1710,"column":3}},"677":{"start":{"line":1703,"column":2},"end":{"line":1709,"column":3}},"678":{"start":{"line":1704,"column":19},"end":{"line":1704,"column":29}},"679":{"start":{"line":1705,"column":4},"end":{"line":1705,"column":69}},"680":{"start":{"line":1706,"column":4},"end":{"line":1706,"column":61}},"681":{"start":{"line":1708,"column":4},"end":{"line":1708,"column":49}},"682":{"start":{"line":1713,"column":0},"end":{"line":1732,"column":3}},"683":{"start":{"line":1714,"column":2},"end":{"line":1731,"column":3}},"684":{"start":{"line":1715,"column":21},"end":{"line":1727,"column":6}},"685":{"start":{"line":1728,"column":4},"end":{"line":1728,"column":21}},"686":{"start":{"line":1730,"column":4},"end":{"line":1730,"column":49}},"687":{"start":{"line":1734,"column":0},"end":{"line":1758,"column":3}},"688":{"start":{"line":1735,"column":2},"end":{"line":1757,"column":3}},"689":{"start":{"line":1736,"column":54},"end":{"line":1736,"column":62}},"690":{"start":{"line":1737,"column":4},"end":{"line":1738,"column":68}},"691":{"start":{"line":1738,"column":6},"end":{"line":1738,"column":68}},"692":{"start":{"line":1741,"column":23},"end":{"line":1744,"column":5}},"693":{"start":{"line":1745,"column":4},"end":{"line":1748,"column":68}},"694":{"start":{"line":1746,"column":6},"end":{"line":1748,"column":68}},"695":{"start":{"line":1750,"column":4},"end":{"line":1753,"column":6}},"696":{"start":{"line":1754,"column":4},"end":{"line":1754,"column":59}},"697":{"start":{"line":1756,"column":4},"end":{"line":1756,"column":49}},"698":{"start":{"line":1760,"column":0},"end":{"line":1769,"column":3}},"699":{"start":{"line":1761,"column":2},"end":{"line":1768,"column":3}},"700":{"start":{"line":1762,"column":4},"end":{"line":1764,"column":7}},"701":{"start":{"line":1765,"column":4},"end":{"line":1765,"column":61}},"702":{"start":{"line":1767,"column":4},"end":{"line":1767,"column":49}},"703":{"start":{"line":1772,"column":0},"end":{"line":1792,"column":3}},"704":{"start":{"line":1773,"column":2},"end":{"line":1791,"column":3}},"705":{"start":{"line":1774,"column":21},"end":{"line":1787,"column":6}},"706":{"start":{"line":1788,"column":4},"end":{"line":1788,"column":21}},"707":{"start":{"line":1790,"column":4},"end":{"line":1790,"column":49}},"708":{"start":{"line":1794,"column":0},"end":{"line":1817,"column":3}},"709":{"start":{"line":1795,"column":2},"end":{"line":1816,"column":3}},"710":{"start":{"line":1796,"column":63},"end":{"line":1796,"column":71}},"711":{"start":{"line":1797,"column":4},"end":{"line":1798,"column":68}},"712":{"start":{"line":1798,"column":6},"end":{"line":1798,"column":68}},"713":{"start":{"line":1800,"column":23},"end":{"line":1803,"column":5}},"714":{"start":{"line":1804,"column":4},"end":{"line":1807,"column":9}},"715":{"start":{"line":1805,"column":6},"end":{"line":1807,"column":9}},"716":{"start":{"line":1809,"column":4},"end":{"line":1812,"column":6}},"717":{"start":{"line":1813,"column":4},"end":{"line":1813,"column":70}},"718":{"start":{"line":1815,"column":4},"end":{"line":1815,"column":49}},"719":{"start":{"line":1819,"column":0},"end":{"line":1826,"column":3}},"720":{"start":{"line":1820,"column":2},"end":{"line":1825,"column":3}},"721":{"start":{"line":1821,"column":4},"end":{"line":1821,"column":76}},"722":{"start":{"line":1822,"column":4},"end":{"line":1822,"column":70}},"723":{"start":{"line":1824,"column":4},"end":{"line":1824,"column":49}},"724":{"start":{"line":1829,"column":0},"end":{"line":1916,"column":3}},"725":{"start":{"line":1830,"column":20},"end":{"line":1830,"column":28}},"726":{"start":{"line":1832,"column":2},"end":{"line":1834,"column":3}},"727":{"start":{"line":1833,"column":4},"end":{"line":1833,"column":67}},"728":{"start":{"line":1836,"column":2},"end":{"line":1915,"column":3}},"729":{"start":{"line":1838,"column":26},"end":{"line":1841,"column":5}},"730":{"start":{"line":1843,"column":26},"end":{"line":1846,"column":5}},"731":{"start":{"line":1848,"column":17},"end":{"line":1848,"column":49}},"732":{"start":{"line":1850,"column":4},"end":{"line":1855,"column":5}},"733":{"start":{"line":1852,"column":6},"end":{"line":1854,"column":9}},"734":{"start":{"line":1858,"column":18},"end":{"line":1858,"column":56}},"735":{"start":{"line":1861,"column":29},"end":{"line":1863,"column":24}},"736":{"start":{"line":1866,"column":4},"end":{"line":1869,"column":6}},"737":{"start":{"line":1872,"column":4},"end":{"line":1875,"column":6}},"738":{"start":{"line":1879,"column":6},"end":{"line":1879,"column":72}},"739":{"start":{"line":1880,"column":22},"end":{"line":1880,"column":69}},"740":{"start":{"line":1883,"column":24},"end":{"line":1889,"column":6}},"741":{"start":{"line":1890,"column":4},"end":{"line":1905,"column":7}},"742":{"start":{"line":1907,"column":4},"end":{"line":1909,"column":7}},"743":{"start":{"line":1911,"column":4},"end":{"line":1911,"column":49}},"744":{"start":{"line":1912,"column":4},"end":{"line":1914,"column":68}},"745":{"start":{"line":1919,"column":0},"end":{"line":1961,"column":3}},"746":{"start":{"line":1920,"column":33},"end":{"line":1920,"column":41}},"747":{"start":{"line":1922,"column":2},"end":{"line":1926,"column":3}},"748":{"start":{"line":1923,"column":4},"end":{"line":1925,"column":65}},"749":{"start":{"line":1928,"column":2},"end":{"line":1960,"column":3}},"750":{"start":{"line":1929,"column":24},"end":{"line":1933,"column":5}},"751":{"start":{"line":1935,"column":4},"end":{"line":1939,"column":5}},"752":{"start":{"line":1936,"column":6},"end":{"line":1938,"column":73}},"753":{"start":{"line":1941,"column":24},"end":{"line":1941,"column":36}},"754":{"start":{"line":1943,"column":27},"end":{"line":1943,"column":69}},"755":{"start":{"line":1945,"column":4},"end":{"line":1948,"column":7}},"756":{"start":{"line":1950,"column":4},"end":{"line":1952,"column":7}},"757":{"start":{"line":1954,"column":4},"end":{"line":1954,"column":80}},"758":{"start":{"line":1956,"column":4},"end":{"line":1956,"column":48}},"759":{"start":{"line":1957,"column":4},"end":{"line":1959,"column":68}},"760":{"start":{"line":1963,"column":0},"end":{"line":1985,"column":3}},"761":{"start":{"line":1964,"column":2},"end":{"line":1966,"column":3}},"762":{"start":{"line":1965,"column":4},"end":{"line":1965,"column":63}},"763":{"start":{"line":1968,"column":26},"end":{"line":1968,"column":34}},"764":{"start":{"line":1969,"column":2},"end":{"line":1971,"column":3}},"765":{"start":{"line":1970,"column":4},"end":{"line":1970,"column":88}},"766":{"start":{"line":1973,"column":2},"end":{"line":1984,"column":3}},"767":{"start":{"line":1974,"column":27},"end":{"line":1974,"column":69}},"768":{"start":{"line":1975,"column":4},"end":{"line":1978,"column":6}},"769":{"start":{"line":1979,"column":4},"end":{"line":1979,"column":39}},"770":{"start":{"line":1980,"column":4},"end":{"line":1980,"column":60}},"771":{"start":{"line":1982,"column":4},"end":{"line":1982,"column":45}},"772":{"start":{"line":1983,"column":4},"end":{"line":1983,"column":63}},"773":{"start":{"line":1987,"column":0},"end":{"line":1992,"column":3}},"774":{"start":{"line":1988,"column":2},"end":{"line":1990,"column":3}},"775":{"start":{"line":1989,"column":4},"end":{"line":1989,"column":56}},"776":{"start":{"line":1991,"column":2},"end":{"line":1991,"column":12}},"777":{"start":{"line":1995,"column":13},"end":{"line":1995,"column":37}},"778":{"start":{"line":1996,"column":0},"end":{"line":2000,"column":1}},"779":{"start":{"line":1997,"column":2},"end":{"line":1999,"column":4}},"780":{"start":{"line":1998,"column":4},"end":{"line":1998,"column":72}},"781":{"start":{"line":2001,"column":0},"end":{"line":2001,"column":29}}},"fnMap":{"0":{"name":"(anonymous_0)","decl":{"start":{"line":72,"column":39},"end":{"line":72,"column":40}},"loc":{"start":{"line":72,"column":53},"end":{"line":74,"column":1}},"line":72},"1":{"name":"requireAuth","decl":{"start":{"line":76,"column":9},"end":{"line":76,"column":20}},"loc":{"start":{"line":76,"column":37},"end":{"line":84,"column":1}},"line":76},"2":{"name":"requireRole","decl":{"start":{"line":86,"column":9},"end":{"line":86,"column":20}},"loc":{"start":{"line":86,"column":31},"end":{"line":99,"column":1}},"line":86},"3":{"name":"(anonymous_3)","decl":{"start":{"line":87,"column":9},"end":{"line":87,"column":10}},"loc":{"start":{"line":87,"column":29},"end":{"line":98,"column":3}},"line":87},"4":{"name":"(anonymous_4)","decl":{"start":{"line":122,"column":38},"end":{"line":122,"column":39}},"loc":{"start":{"line":122,"column":58},"end":{"line":122,"column":64}},"line":122},"5":{"name":"(anonymous_5)","decl":{"start":{"line":142,"column":8},"end":{"line":142,"column":9}},"loc":{"start":{"line":142,"column":14},"end":{"line":142,"column":56}},"line":142},"6":{"name":"(anonymous_6)","decl":{"start":{"line":143,"column":9},"end":{"line":143,"column":10}},"loc":{"start":{"line":143,"column":18},"end":{"line":143,"column":67}},"line":143},"7":{"name":"(anonymous_7)","decl":{"start":{"line":162,"column":20},"end":{"line":162,"column":21}},"loc":{"start":{"line":162,"column":32},"end":{"line":182,"column":1}},"line":162},"8":{"name":"(anonymous_8)","decl":{"start":{"line":164,"column":25},"end":{"line":164,"column":26}},"loc":{"start":{"line":164,"column":35},"end":{"line":170,"column":3}},"line":164},"9":{"name":"(anonymous_9)","decl":{"start":{"line":172,"column":30},"end":{"line":172,"column":31}},"loc":{"start":{"line":172,"column":42},"end":{"line":177,"column":3}},"line":172},"10":{"name":"(anonymous_10)","decl":{"start":{"line":179,"column":26},"end":{"line":179,"column":27}},"loc":{"start":{"line":179,"column":32},"end":{"line":181,"column":3}},"line":179},"11":{"name":"(anonymous_11)","decl":{"start":{"line":188,"column":15},"end":{"line":188,"column":16}},"loc":{"start":{"line":188,"column":34},"end":{"line":192,"column":3}},"line":188},"12":{"name":"(anonymous_12)","decl":{"start":{"line":193,"column":12},"end":{"line":193,"column":13}},"loc":{"start":{"line":193,"column":31},"end":{"line":195,"column":3}},"line":193},"13":{"name":"(anonymous_13)","decl":{"start":{"line":204,"column":14},"end":{"line":204,"column":15}},"loc":{"start":{"line":204,"column":33},"end":{"line":209,"column":3}},"line":204},"14":{"name":"(anonymous_14)","decl":{"start":{"line":215,"column":14},"end":{"line":215,"column":15}},"loc":{"start":{"line":215,"column":33},"end":{"line":218,"column":3}},"line":215},"15":{"name":"(anonymous_15)","decl":{"start":{"line":227,"column":38},"end":{"line":227,"column":39}},"loc":{"start":{"line":227,"column":58},"end":{"line":301,"column":1}},"line":227},"16":{"name":"(anonymous_16)","decl":{"start":{"line":310,"column":51},"end":{"line":310,"column":52}},"loc":{"start":{"line":310,"column":71},"end":{"line":378,"column":1}},"line":310},"17":{"name":"(anonymous_17)","decl":{"start":{"line":381,"column":38},"end":{"line":381,"column":39}},"loc":{"start":{"line":381,"column":58},"end":{"line":472,"column":1}},"line":381},"18":{"name":"(anonymous_18)","decl":{"start":{"line":475,"column":68},"end":{"line":475,"column":69}},"loc":{"start":{"line":475,"column":88},"end":{"line":538,"column":1}},"line":475},"19":{"name":"(anonymous_19)","decl":{"start":{"line":540,"column":87},"end":{"line":540,"column":88}},"loc":{"start":{"line":540,"column":107},"end":{"line":626,"column":1}},"line":540},"20":{"name":"(anonymous_20)","decl":{"start":{"line":594,"column":20},"end":{"line":594,"column":21}},"loc":{"start":{"line":594,"column":27},"end":{"line":596,"column":5}},"line":594},"21":{"name":"(anonymous_21)","decl":{"start":{"line":598,"column":31},"end":{"line":598,"column":32}},"loc":{"start":{"line":598,"column":43},"end":{"line":619,"column":5}},"line":598},"22":{"name":"(anonymous_22)","decl":{"start":{"line":629,"column":68},"end":{"line":629,"column":69}},"loc":{"start":{"line":629,"column":88},"end":{"line":661,"column":1}},"line":629},"23":{"name":"(anonymous_23)","decl":{"start":{"line":665,"column":65},"end":{"line":665,"column":66}},"loc":{"start":{"line":665,"column":85},"end":{"line":706,"column":1}},"line":665},"24":{"name":"(anonymous_24)","decl":{"start":{"line":708,"column":72},"end":{"line":708,"column":73}},"loc":{"start":{"line":708,"column":92},"end":{"line":747,"column":1}},"line":708},"25":{"name":"(anonymous_25)","decl":{"start":{"line":717,"column":22},"end":{"line":717,"column":23}},"loc":{"start":{"line":717,"column":31},"end":{"line":721,"column":5}},"line":717},"26":{"name":"(anonymous_26)","decl":{"start":{"line":723,"column":27},"end":{"line":723,"column":28}},"loc":{"start":{"line":724,"column":6},"end":{"line":735,"column":18}},"line":724},"27":{"name":"(anonymous_27)","decl":{"start":{"line":753,"column":2},"end":{"line":753,"column":3}},"loc":{"start":{"line":753,"column":22},"end":{"line":891,"column":3}},"line":753},"28":{"name":"(anonymous_28)","decl":{"start":{"line":774,"column":42},"end":{"line":774,"column":43}},"loc":{"start":{"line":774,"column":49},"end":{"line":774,"column":66}},"line":774},"29":{"name":"(anonymous_29)","decl":{"start":{"line":775,"column":44},"end":{"line":775,"column":45}},"loc":{"start":{"line":775,"column":51},"end":{"line":775,"column":96}},"line":775},"30":{"name":"(anonymous_30)","decl":{"start":{"line":779,"column":55},"end":{"line":779,"column":56}},"loc":{"start":{"line":779,"column":62},"end":{"line":779,"column":74}},"line":779},"31":{"name":"(anonymous_31)","decl":{"start":{"line":780,"column":58},"end":{"line":780,"column":59}},"loc":{"start":{"line":780,"column":65},"end":{"line":780,"column":94}},"line":780},"32":{"name":"(anonymous_32)","decl":{"start":{"line":781,"column":58},"end":{"line":781,"column":59}},"loc":{"start":{"line":781,"column":65},"end":{"line":781,"column":72}},"line":781},"33":{"name":"(anonymous_33)","decl":{"start":{"line":795,"column":22},"end":{"line":795,"column":23}},"loc":{"start":{"line":795,"column":36},"end":{"line":847,"column":7}},"line":795},"34":{"name":"(anonymous_34)","decl":{"start":{"line":894,"column":66},"end":{"line":894,"column":67}},"loc":{"start":{"line":894,"column":86},"end":{"line":931,"column":1}},"line":894},"35":{"name":"(anonymous_35)","decl":{"start":{"line":933,"column":72},"end":{"line":933,"column":73}},"loc":{"start":{"line":933,"column":92},"end":{"line":962,"column":1}},"line":933},"36":{"name":"(anonymous_36)","decl":{"start":{"line":964,"column":69},"end":{"line":964,"column":70}},"loc":{"start":{"line":964,"column":89},"end":{"line":985,"column":1}},"line":964},"37":{"name":"(anonymous_37)","decl":{"start":{"line":988,"column":64},"end":{"line":988,"column":65}},"loc":{"start":{"line":988,"column":84},"end":{"line":1029,"column":1}},"line":988},"38":{"name":"(anonymous_38)","decl":{"start":{"line":1032,"column":65},"end":{"line":1032,"column":66}},"loc":{"start":{"line":1032,"column":85},"end":{"line":1075,"column":1}},"line":1032},"39":{"name":"(anonymous_39)","decl":{"start":{"line":1078,"column":71},"end":{"line":1078,"column":72}},"loc":{"start":{"line":1078,"column":91},"end":{"line":1107,"column":1}},"line":1078},"40":{"name":"(anonymous_40)","decl":{"start":{"line":1109,"column":68},"end":{"line":1109,"column":69}},"loc":{"start":{"line":1109,"column":88},"end":{"line":1130,"column":1}},"line":1109},"41":{"name":"(anonymous_41)","decl":{"start":{"line":1133,"column":64},"end":{"line":1133,"column":65}},"loc":{"start":{"line":1133,"column":84},"end":{"line":1174,"column":1}},"line":1133},"42":{"name":"(anonymous_42)","decl":{"start":{"line":1176,"column":65},"end":{"line":1176,"column":66}},"loc":{"start":{"line":1176,"column":85},"end":{"line":1197,"column":1}},"line":1176},"43":{"name":"(anonymous_43)","decl":{"start":{"line":1199,"column":71},"end":{"line":1199,"column":72}},"loc":{"start":{"line":1199,"column":91},"end":{"line":1213,"column":1}},"line":1199},"44":{"name":"(anonymous_44)","decl":{"start":{"line":1215,"column":68},"end":{"line":1215,"column":69}},"loc":{"start":{"line":1215,"column":88},"end":{"line":1236,"column":1}},"line":1215},"45":{"name":"(anonymous_45)","decl":{"start":{"line":1239,"column":86},"end":{"line":1239,"column":87}},"loc":{"start":{"line":1239,"column":106},"end":{"line":1263,"column":1}},"line":1239},"46":{"name":"(anonymous_46)","decl":{"start":{"line":1266,"column":72},"end":{"line":1266,"column":73}},"loc":{"start":{"line":1266,"column":92},"end":{"line":1294,"column":1}},"line":1266},"47":{"name":"(anonymous_47)","decl":{"start":{"line":1274,"column":47},"end":{"line":1274,"column":48}},"loc":{"start":{"line":1274,"column":54},"end":{"line":1274,"column":66}},"line":1274},"48":{"name":"(anonymous_48)","decl":{"start":{"line":1276,"column":39},"end":{"line":1276,"column":40}},"loc":{"start":{"line":1276,"column":46},"end":{"line":1276,"column":77}},"line":1276},"49":{"name":"(anonymous_49)","decl":{"start":{"line":1298,"column":2},"end":{"line":1298,"column":3}},"loc":{"start":{"line":1298,"column":22},"end":{"line":1344,"column":3}},"line":1298},"50":{"name":"isValidMark","decl":{"start":{"line":1357,"column":9},"end":{"line":1357,"column":20}},"loc":{"start":{"line":1357,"column":24},"end":{"line":1361,"column":1}},"line":1357},"51":{"name":"(anonymous_51)","decl":{"start":{"line":1363,"column":67},"end":{"line":1363,"column":68}},"loc":{"start":{"line":1363,"column":87},"end":{"line":1433,"column":1}},"line":1363},"52":{"name":"(anonymous_52)","decl":{"start":{"line":1436,"column":74},"end":{"line":1436,"column":75}},"loc":{"start":{"line":1436,"column":94},"end":{"line":1473,"column":1}},"line":1436},"53":{"name":"(anonymous_53)","decl":{"start":{"line":1476,"column":72},"end":{"line":1476,"column":73}},"loc":{"start":{"line":1476,"column":92},"end":{"line":1521,"column":1}},"line":1476},"54":{"name":"notifyFacultyLeaveDecision","decl":{"start":{"line":1525,"column":15},"end":{"line":1525,"column":41}},"loc":{"start":{"line":1525,"column":61},"end":{"line":1554,"column":1}},"line":1525},"55":{"name":"(anonymous_55)","decl":{"start":{"line":1556,"column":83},"end":{"line":1556,"column":84}},"loc":{"start":{"line":1556,"column":103},"end":{"line":1570,"column":1}},"line":1556},"56":{"name":"(anonymous_56)","decl":{"start":{"line":1572,"column":82},"end":{"line":1572,"column":83}},"loc":{"start":{"line":1572,"column":102},"end":{"line":1586,"column":1}},"line":1572},"57":{"name":"(anonymous_57)","decl":{"start":{"line":1588,"column":71},"end":{"line":1588,"column":72}},"loc":{"start":{"line":1588,"column":91},"end":{"line":1612,"column":1}},"line":1588},"58":{"name":"(anonymous_58)","decl":{"start":{"line":1620,"column":2},"end":{"line":1620,"column":3}},"loc":{"start":{"line":1620,"column":22},"end":{"line":1646,"column":3}},"line":1620},"59":{"name":"(anonymous_59)","decl":{"start":{"line":1649,"column":68},"end":{"line":1649,"column":69}},"loc":{"start":{"line":1649,"column":88},"end":{"line":1656,"column":1}},"line":1649},"60":{"name":"(anonymous_60)","decl":{"start":{"line":1659,"column":73},"end":{"line":1659,"column":74}},"loc":{"start":{"line":1659,"column":93},"end":{"line":1672,"column":1}},"line":1659},"61":{"name":"(anonymous_61)","decl":{"start":{"line":1674,"column":69},"end":{"line":1674,"column":70}},"loc":{"start":{"line":1674,"column":89},"end":{"line":1686,"column":1}},"line":1674},"62":{"name":"(anonymous_62)","decl":{"start":{"line":1688,"column":76},"end":{"line":1688,"column":77}},"loc":{"start":{"line":1688,"column":96},"end":{"line":1700,"column":1}},"line":1688},"63":{"name":"(anonymous_63)","decl":{"start":{"line":1702,"column":75},"end":{"line":1702,"column":76}},"loc":{"start":{"line":1702,"column":95},"end":{"line":1710,"column":1}},"line":1702},"64":{"name":"(anonymous_64)","decl":{"start":{"line":1713,"column":68},"end":{"line":1713,"column":69}},"loc":{"start":{"line":1713,"column":88},"end":{"line":1732,"column":1}},"line":1713},"65":{"name":"(anonymous_65)","decl":{"start":{"line":1734,"column":69},"end":{"line":1734,"column":70}},"loc":{"start":{"line":1734,"column":89},"end":{"line":1758,"column":1}},"line":1734},"66":{"name":"(anonymous_66)","decl":{"start":{"line":1760,"column":75},"end":{"line":1760,"column":76}},"loc":{"start":{"line":1760,"column":95},"end":{"line":1769,"column":1}},"line":1760},"67":{"name":"(anonymous_67)","decl":{"start":{"line":1772,"column":64},"end":{"line":1772,"column":65}},"loc":{"start":{"line":1772,"column":84},"end":{"line":1792,"column":1}},"line":1772},"68":{"name":"(anonymous_68)","decl":{"start":{"line":1794,"column":65},"end":{"line":1794,"column":66}},"loc":{"start":{"line":1794,"column":85},"end":{"line":1817,"column":1}},"line":1794},"69":{"name":"(anonymous_69)","decl":{"start":{"line":1819,"column":71},"end":{"line":1819,"column":72}},"loc":{"start":{"line":1819,"column":91},"end":{"line":1826,"column":1}},"line":1819},"70":{"name":"(anonymous_70)","decl":{"start":{"line":1829,"column":63},"end":{"line":1829,"column":64}},"loc":{"start":{"line":1829,"column":83},"end":{"line":1916,"column":1}},"line":1829},"71":{"name":"(anonymous_71)","decl":{"start":{"line":1919,"column":44},"end":{"line":1919,"column":45}},"loc":{"start":{"line":1919,"column":64},"end":{"line":1961,"column":1}},"line":1919},"72":{"name":"(anonymous_72)","decl":{"start":{"line":1963,"column":50},"end":{"line":1963,"column":51}},"loc":{"start":{"line":1963,"column":70},"end":{"line":1985,"column":1}},"line":1963},"73":{"name":"(anonymous_73)","decl":{"start":{"line":1987,"column":8},"end":{"line":1987,"column":9}},"loc":{"start":{"line":1987,"column":33},"end":{"line":1992,"column":1}},"line":1987},"74":{"name":"(anonymous_74)","decl":{"start":{"line":1997,"column":22},"end":{"line":1997,"column":23}},"loc":{"start":{"line":1998,"column":4},"end":{"line":1998,"column":72}},"line":1998}},"branchMap":{"0":{"loc":{"start":{"line":2,"column":8},"end":{"line":2,"column":62}},"type":"cond-expr","locations":[{"start":{"line":2,"column":42},"end":{"line":2,"column":53}},{"start":{"line":2,"column":56},"end":{"line":2,"column":62}}],"line":2},"1":{"loc":{"start":{"line":23,"column":2},"end":{"line":25,"column":3}},"type":"if","locations":[{"start":{"line":23,"column":2},"end":{"line":25,"column":3}},{"start":{},"end":{}}],"line":23},"2":{"loc":{"start":{"line":53,"column":10},"end":{"line":53,"column":61}},"type":"binary-expr","locations":[{"start":{"line":53,"column":10},"end":{"line":53,"column":34}},{"start":{"line":53,"column":38},"end":{"line":53,"column":61}}],"line":53},"3":{"loc":{"start":{"line":77,"column":2},"end":{"line":79,"column":3}},"type":"if","locations":[{"start":{"line":77,"column":2},"end":{"line":79,"column":3}},{"start":{},"end":{}}],"line":77},"4":{"loc":{"start":{"line":80,"column":2},"end":{"line":82,"column":3}},"type":"if","locations":[{"start":{"line":80,"column":2},"end":{"line":82,"column":3}},{"start":{},"end":{}}],"line":80},"5":{"loc":{"start":{"line":88,"column":4},"end":{"line":90,"column":5}},"type":"if","locations":[{"start":{"line":88,"column":4},"end":{"line":90,"column":5}},{"start":{},"end":{}}],"line":88},"6":{"loc":{"start":{"line":91,"column":4},"end":{"line":93,"column":5}},"type":"if","locations":[{"start":{"line":91,"column":4},"end":{"line":93,"column":5}},{"start":{},"end":{}}],"line":91},"7":{"loc":{"start":{"line":94,"column":4},"end":{"line":96,"column":5}},"type":"if","locations":[{"start":{"line":94,"column":4},"end":{"line":96,"column":5}},{"start":{},"end":{}}],"line":94},"8":{"loc":{"start":{"line":110,"column":0},"end":{"line":112,"column":1}},"type":"if","locations":[{"start":{"line":110,"column":0},"end":{"line":112,"column":1}},{"start":{},"end":{}}],"line":110},"9":{"loc":{"start":{"line":122,"column":26},"end":{"line":122,"column":79}},"type":"cond-expr","locations":[{"start":{"line":122,"column":38},"end":{"line":122,"column":64}},{"start":{"line":122,"column":67},"end":{"line":122,"column":79}}],"line":122},"10":{"loc":{"start":{"line":166,"column":4},"end":{"line":169,"column":5}},"type":"if","locations":[{"start":{"line":166,"column":4},"end":{"line":169,"column":5}},{"start":{},"end":{}}],"line":166},"11":{"loc":{"start":{"line":173,"column":4},"end":{"line":176,"column":5}},"type":"if","locations":[{"start":{"line":173,"column":4},"end":{"line":176,"column":5}},{"start":{},"end":{}}],"line":173},"12":{"loc":{"start":{"line":190,"column":4},"end":{"line":190,"column":68}},"type":"if","locations":[{"start":{"line":190,"column":4},"end":{"line":190,"column":68}},{"start":{},"end":{}}],"line":190},"13":{"loc":{"start":{"line":205,"column":4},"end":{"line":207,"column":5}},"type":"if","locations":[{"start":{"line":205,"column":4},"end":{"line":207,"column":5}},{"start":{},"end":{}}],"line":205},"14":{"loc":{"start":{"line":235,"column":4},"end":{"line":240,"column":5}},"type":"if","locations":[{"start":{"line":235,"column":4},"end":{"line":240,"column":5}},{"start":{},"end":{}}],"line":235},"15":{"loc":{"start":{"line":244,"column":4},"end":{"line":251,"column":5}},"type":"if","locations":[{"start":{"line":244,"column":4},"end":{"line":251,"column":5}},{"start":{},"end":{}}],"line":244},"16":{"loc":{"start":{"line":244,"column":8},"end":{"line":244,"column":69}},"type":"binary-expr","locations":[{"start":{"line":244,"column":8},"end":{"line":244,"column":25}},{"start":{"line":244,"column":29},"end":{"line":244,"column":69}}],"line":244},"17":{"loc":{"start":{"line":255,"column":4},"end":{"line":278,"column":5}},"type":"if","locations":[{"start":{"line":255,"column":4},"end":{"line":278,"column":5}},{"start":{},"end":{}}],"line":255},"18":{"loc":{"start":{"line":258,"column":6},"end":{"line":267,"column":7}},"type":"if","locations":[{"start":{"line":258,"column":6},"end":{"line":267,"column":7}},{"start":{},"end":{}}],"line":258},"19":{"loc":{"start":{"line":313,"column":2},"end":{"line":318,"column":3}},"type":"if","locations":[{"start":{"line":313,"column":2},"end":{"line":318,"column":3}},{"start":{},"end":{}}],"line":313},"20":{"loc":{"start":{"line":313,"column":6},"end":{"line":313,"column":63}},"type":"binary-expr","locations":[{"start":{"line":313,"column":6},"end":{"line":313,"column":12}},{"start":{"line":313,"column":16},"end":{"line":313,"column":21}},{"start":{"line":313,"column":25},"end":{"line":313,"column":63}}],"line":313},"21":{"loc":{"start":{"line":322,"column":6},"end":{"line":324,"column":79}},"type":"cond-expr","locations":[{"start":{"line":323,"column":10},"end":{"line":323,"column":80}},{"start":{"line":324,"column":10},"end":{"line":324,"column":79}}],"line":322},"22":{"loc":{"start":{"line":335,"column":4},"end":{"line":337,"column":5}},"type":"if","locations":[{"start":{"line":335,"column":4},"end":{"line":337,"column":5}},{"start":{},"end":{}}],"line":335},"23":{"loc":{"start":{"line":335,"column":8},"end":{"line":335,"column":50}},"type":"binary-expr","locations":[{"start":{"line":335,"column":8},"end":{"line":335,"column":28}},{"start":{"line":335,"column":32},"end":{"line":335,"column":50}}],"line":335},"24":{"loc":{"start":{"line":384,"column":2},"end":{"line":389,"column":3}},"type":"if","locations":[{"start":{"line":384,"column":2},"end":{"line":389,"column":3}},{"start":{},"end":{}}],"line":384},"25":{"loc":{"start":{"line":384,"column":6},"end":{"line":384,"column":55}},"type":"binary-expr","locations":[{"start":{"line":384,"column":6},"end":{"line":384,"column":15}},{"start":{"line":384,"column":19},"end":{"line":384,"column":28}},{"start":{"line":384,"column":32},"end":{"line":384,"column":37}},{"start":{"line":384,"column":41},"end":{"line":384,"column":47}},{"start":{"line":384,"column":51},"end":{"line":384,"column":55}}],"line":384},"26":{"loc":{"start":{"line":391,"column":2},"end":{"line":396,"column":3}},"type":"if","locations":[{"start":{"line":391,"column":2},"end":{"line":396,"column":3}},{"start":{},"end":{}}],"line":391},"27":{"loc":{"start":{"line":406,"column":4},"end":{"line":411,"column":5}},"type":"if","locations":[{"start":{"line":406,"column":4},"end":{"line":411,"column":5}},{"start":{},"end":{}}],"line":406},"28":{"loc":{"start":{"line":415,"column":4},"end":{"line":420,"column":5}},"type":"if","locations":[{"start":{"line":415,"column":4},"end":{"line":420,"column":5}},{"start":{},"end":{}}],"line":415},"29":{"loc":{"start":{"line":424,"column":4},"end":{"line":427,"column":5}},"type":"if","locations":[{"start":{"line":424,"column":4},"end":{"line":427,"column":5}},{"start":{},"end":{}}],"line":424},"30":{"loc":{"start":{"line":430,"column":24},"end":{"line":430,"column":67}},"type":"cond-expr","locations":[{"start":{"line":430,"column":45},"end":{"line":430,"column":55}},{"start":{"line":430,"column":58},"end":{"line":430,"column":67}}],"line":430},"31":{"loc":{"start":{"line":431,"column":21},"end":{"line":431,"column":69}},"type":"cond-expr","locations":[{"start":{"line":431,"column":42},"end":{"line":431,"column":54}},{"start":{"line":431,"column":57},"end":{"line":431,"column":69}}],"line":431},"32":{"loc":{"start":{"line":438,"column":4},"end":{"line":443,"column":5}},"type":"if","locations":[{"start":{"line":438,"column":4},"end":{"line":443,"column":5}},{"start":{},"end":{}}],"line":438},"33":{"loc":{"start":{"line":438,"column":8},"end":{"line":438,"column":62}},"type":"binary-expr","locations":[{"start":{"line":438,"column":8},"end":{"line":438,"column":34}},{"start":{"line":438,"column":38},"end":{"line":438,"column":62}}],"line":438},"34":{"loc":{"start":{"line":467,"column":4},"end":{"line":469,"column":5}},"type":"if","locations":[{"start":{"line":467,"column":4},"end":{"line":469,"column":5}},{"start":{},"end":{}}],"line":467},"35":{"loc":{"start":{"line":478,"column":2},"end":{"line":480,"column":3}},"type":"if","locations":[{"start":{"line":478,"column":2},"end":{"line":480,"column":3}},{"start":{},"end":{}}],"line":478},"36":{"loc":{"start":{"line":493,"column":4},"end":{"line":497,"column":5}},"type":"if","locations":[{"start":{"line":493,"column":4},"end":{"line":497,"column":5}},{"start":{},"end":{}}],"line":493},"37":{"loc":{"start":{"line":543,"column":2},"end":{"line":545,"column":3}},"type":"if","locations":[{"start":{"line":543,"column":2},"end":{"line":545,"column":3}},{"start":{},"end":{}}],"line":543},"38":{"loc":{"start":{"line":554,"column":4},"end":{"line":556,"column":5}},"type":"if","locations":[{"start":{"line":554,"column":4},"end":{"line":556,"column":5}},{"start":{},"end":{}}],"line":554},"39":{"loc":{"start":{"line":599,"column":20},"end":{"line":599,"column":50}},"type":"binary-expr","locations":[{"start":{"line":599,"column":20},"end":{"line":599,"column":45}},{"start":{"line":599,"column":49},"end":{"line":599,"column":50}}],"line":599},"40":{"loc":{"start":{"line":600,"column":22},"end":{"line":600,"column":54}},"type":"binary-expr","locations":[{"start":{"line":600,"column":22},"end":{"line":600,"column":49}},{"start":{"line":600,"column":53},"end":{"line":600,"column":54}}],"line":600},"41":{"loc":{"start":{"line":601,"column":25},"end":{"line":601,"column":64}},"type":"cond-expr","locations":[{"start":{"line":601,"column":37},"end":{"line":601,"column":60}},{"start":{"line":601,"column":63},"end":{"line":601,"column":64}}],"line":601},"42":{"loc":{"start":{"line":604,"column":21},"end":{"line":604,"column":49}},"type":"cond-expr","locations":[{"start":{"line":604,"column":25},"end":{"line":604,"column":45}},{"start":{"line":604,"column":48},"end":{"line":604,"column":49}}],"line":604},"43":{"loc":{"start":{"line":605,
[...]
":0,"484":0,"485":0,"486":0,"487":0,"488":0,"489":3,"490":0,"491":0,"492":0,"493":0,"494":0,"495":0,"496":3,"497":0,"498":0,"499":0,"500":0,"501":0,"502":3,"503":0,"504":0,"505":0,"506":0,"507":0,"508":0,"509":0,"510":0,"511":0,"512":3,"513":0,"514":0,"515":0,"516":0,"517":0,"518":0,"519":0,"520":0,"521":3,"522":2,"523":2,"524":2,"525":2,"526":1,"527":2,"528":2,"529":2,"530":1,"531":1,"532":1,"533":1,"534":1,"535":0,"536":0,"537":3,"538":1,"539":1,"540":1,"541":1,"542":0,"543":1,"544":1,"545":0,"546":1,"547":1,"548":0,"549":1,"550":1,"551":0,"552":0,"553":3,"554":7,"555":0,"556":7,"557":7,"558":3,"559":3,"560":3,"561":3,"562":0,"563":3,"564":3,"565":0,"566":3,"567":3,"568":1,"569":2,"570":2,"571":7,"572":1,"573":1,"574":1,"575":1,"576":1,"577":0,"578":0,"579":3,"580":1,"581":1,"582":0,"583":1,"584":1,"585":1,"586":0,"587":1,"588":1,"589":1,"590":0,"591":0,"592":3,"593":0,"594":0,"595":0,"596":0,"597":0,"598":0,"599":0,"600":0,"601":0,"602":0,"603":0,"604":0,"605":0,"606":0,"607":0,"608":0,"609":0,"610":0,"611":0,"612":0,"613":0,"614":0,"615":3,"616":0,"617":0,"618":0,"619":0,"620":0,"621":0,"622":3,"623":0,"624":0,"625":0,"626":0,"627":0,"628":0,"629":3,"630":0,"631":0,"632":0,"633":0,"634":0,"635":3,"636":0,"637":0,"638":0,"639":0,"640":0,"641":0,"642":0,"643":0,"644":0,"645":0,"646":0,"647":0,"648":0,"649":0,"650":0,"651":3,"652":0,"653":0,"654":0,"655":0,"656":3,"657":0,"658":0,"659":0,"660":0,"661":3,"662":0,"663":0,"664":0,"665":0,"666":0,"667":0,"668":0,"669":3,"670":0,"671":0,"672":0,"673":0,"674":0,"675":0,"676":3,"677":0,"678":0,"679":0,"680":0,"681":0,"682":3,"683":0,"684":0,"685":0,"686":0,"687":3,"688":0,"689":0,"690":0,"691":0,"692":0,"693":0,"694":0,"695":0,"696":0,"697":0,"698":3,"699":0,"700":0,"701":0,"702":0,"703":3,"704":0,"705":0,"706":0,"707":0,"708":3,"709":0,"710":0,"711":0,"712":0,"713":0,"714":0,"715":0,"716":0,"717":0,"718":0,"719":3,"720":0,"721":0,"722":0,"723":0,"724":3,"725":0,"726":0,"727":0,"728":0,"729":0,"730":0,"731":0,"732":0,"733":0,"734":0,"735":0,"736":0,"737":0,"738":0,"739":0,"740":0,"741":0,"742":0,"743":0,"744":0,"745":3,"746":0,"747":0,"748":0,"749":0,"750":0,"751":0,"752":0,"753":0,"754":0,"755":0,"756":0,"757":0,"758":0,"759":0,"760":3,"761":0,"762":0,"763":0,"764":0,"765":0,"766":0,"767":0,"768":0,"769":0,"770":0,"771":0,"772":0,"773":3,"774":0,"775":0,"776":0,"777":3,"778":3,"779":0,"780":0,"781":3},"f":{"0":21,"1":0,"2":114,"3":8,"4":15,"5":3,"6":0,"7":0,"8":0,"9":0,"10":0,"11":0,"12":0,"13":0,"14":0,"15":15,"16":0,"17":0,"18":0,"19":0,"20":0,"21":0,"22":0,"23":0,"24":0,"25":0,"26":0,"27":0,"28":0,"29":0,"30":0,"31":0,"32":0,"33":0,"34":0,"35":0,"36":0,"37":0,"38":0,"39":0,"40":0,"41":0,"42":0,"43":0,"44":0,"45":0,"46":2,"47":1,"48":2,"49":1,"50":7,"51":3,"52":1,"53":0,"54":0,"55":0,"56":0,"57":0,"58":0,"59":0,"60":0,"61":0,"62":0,"63":0,"64":0,"65":0,"66":0,"67":0,"68":0,"69":0,"70":0,"71":0,"72":0,"73":0,"74":0},"b":{"0":[3,0],"1":[3,0],"2":[3,0],"3":[0,0],"4":[0,0],"5":[1,7],"6":[0,7],"7":[0,7],"8":[0,3],"9":[3,0],"10":[0,0],"11":[0,0],"12":[0,0],"13":[0,0],"14":[1,14],"15":[1,13],"16":[14,1],"17":[6,7],"18":[1,5],"19":[0,0],"20":[0,0,0],"21":[0,0],"22":[0,0],"23":[0,0],"24":[0,0],"25":[0,0,0,0,0],"26":[0,0],"27":[0,0],"28":[0,0],"29":[0,0],"30":[0,0],"31":[0,0],"32":[0,0],"33":[0,0],"34":[0,0],"35":[0,0],"36":[0,0],"37":[0,0],"38":[0,0],"39":[0,0],"40":[0,0],"41":[0,0],"42":[0,0],"43":[0,0],"44":[0,0],"45":[0,0],"46":[0,0],"47":[0,0],"48":[0,0],"49":[0,0],"50":[0,0],"51":[0,0],"52":[0,0],"53":[0,0],"54":[0,0],"55":[0,0],"56":[0,0],"57":[0,0],"58":[0,0],"59":[0,0],"60":[0,0],"61":[0,0],"62":[0,0],"63":[0,0],"64":[0,0],"65":[0,0],"66":[0,0],"67":[0,0],"68":[0,0],"69":[0,0,0],"70":[0,0],"71":[0,0],"72":[0,0],"73":[0,0],"74":[0,0],"75":[0,0],"76":[0,0],"77":[0,0],"78":[0,0],"79":[0,0],"80":[0,0],"81":[0,0],"82":[0,0],"83":[0,0],"84":[0,0],"85":[0,0],"86":[0,0],"87":[0,0],"88":[0,0],"89":[0,0],"90":[0,0],"91":[0,0],"92":[0,0],"93":[0,0],"94":[0,0],"95":[0,0],"96":[0,0],"97":[0,0],"98":[0,0],"99":[0,0],"100":[0,0],"101":[0,0],"102":[0,0],"103":[0,0],"104":[0,0],"105":[0,0],"106":[0,0],"107":[0,0],"108":[0,0],"109":[0,0],"110":[0,0],"111":[0,0],"112":[0,0],"113":[0,0],"114":[0,0],"115":[0,0],"116":[1,1],"117":[0,1],"118":[1,1],"119":[0,1],"120":[0,1],"121":[0,7],"122":[7,7,7],"123":[7,7,7],"124":[0,3],"125":[3,3,3,3],"126":[0,3],"127":[1,2],"128":[1,6],"129":[1,0],"130":[1,0],"131":[1,0],"132":[1,0],"133":[1,0],"134":[1,0],"135":[0,1],"136":[0,1],"137":[0,0],"138":[0,0,0,0],"139":[0,0],"140":[0,0],"141":[0,0],"142":[0,0],"143":[0,0],"144":[0,0],"145":[0,0],"146":[0,0],"147":[0,0],"148":[0,0],"149":[0,0],"150":[0,0,0,0],"151":[0,0],"152":[0,0],"153":[0,0,0,0,0],"154":[0,0],"155":[0,0],"156":[0,0],"157":[0,0],"158":[0,0],"159":[0,0],"160":[0,0],"161":[0,0],"162":[0,0],"163":[0,0],"164":[0,0],"165":[0,0],"166":[0,0],"167":[3,3],"168":[0,3]},"_coverageSchema":"1a1c01bbd47fc00a2c39e90264f33305004495a9","hash":"69c3a4b97b631c3351fbc2de7e62b26eeeb4570b"}
,"C:\\Users\\ktony\\Desktop\\HTML\\Institute-Management-\\routes\\notifications.js": {"path":"C:\\Users\\ktony\\Desktop\\HTML\\Institute-Management-\\routes\\notifications.js","statementMap":{"0":{"start":{"line":1,"column":16},"end":{"line":1,"column":34}},"1":{"start":{"line":2,"column":15},"end":{"line":2,"column":31}},"2":{"start":{"line":3,"column":13},"end":{"line":3,"column":29}},"3":{"start":{"line":4,"column":23},"end":{"line":4,"column":46}},"4":{"start":{"line":7,"column":2},"end":{"line":9,"column":3}},"5":{"start":{"line":8,"column":4},"end":{"line":8,"column":63}},"6":{"start":{"line":10,"column":2},"end":{"line":12,"column":3}},"7":{"start":{"line":11,"column":4},"end":{"line":11,"column":93}},"8":{"start":{"line":13,"column":2},"end":{"line":13,"column":9}},"9":{"start":{"line":17,"column":2},"end":{"line":28,"column":4}},"10":{"start":{"line":18,"column":4},"end":{"line":20,"column":5}},"11":{"start":{"line":19,"column":6},"end":{"line":19,"column":65}},"12":{"start":{"line":21,"column":4},"end":{"line":23,"column":5}},"13":{"start":{"line":22,"column":6},"end":{"line":22,"column":95}},"14":{"start":{"line":24,"column":4},"end":{"line":26,"column":5}},"15":{"start":{"line":25,"column":6},"end":{"line":25,"column":66}},"16":{"start":{"line":27,"column":4},"end":{"line":27,"column":11}},"17":{"start":{"line":31,"column":0},"end":{"line":31,"column":24}},"18":{"start":{"line":35,"column":2},"end":{"line":35,"column":68}},"19":{"start":{"line":39,"column":0},"end":{"line":58,"column":3}},"20":{"start":{"line":40,"column":55},"end":{"line":40,"column":63}},"21":{"start":{"line":41,"column":13},"end":{"line":41,"column":30}},"22":{"start":{"line":42,"column":13},"end":{"line":42,"column":30}},"23":{"start":{"line":44,"column":2},"end":{"line":57,"column":3}},"24":{"start":{"line":45,"column":4},"end":{"line":48,"column":6}},"25":{"start":{"line":50,"column":4},"end":{"line":50,"column":80}},"26":{"start":{"line":51,"column":4},"end":{"line":51,"column":80}},"27":{"start":{"line":53,"column":4},"end":{"line":53,"column":32}},"28":{"start":{"line":55,"column":4},"end":{"line":55,"column":23}},"29":{"start":{"line":56,"column":4},"end":{"line":56,"column":67}},"30":{"start":{"line":61,"column":0},"end":{"line":87,"column":3}},"31":{"start":{"line":62,"column":13},"end":{"line":62,"column":30}},"32":{"start":{"line":63,"column":15},"end":{"line":63,"column":36}},"33":{"start":{"line":64,"column":17},"end":{"line":64,"column":36}},"34":{"start":{"line":65,"column":17},"end":{"line":65,"column":46}},"35":{"start":{"line":66,"column":25},"end":{"line":66,"column":57}},"36":{"start":{"line":68,"column":2},"end":{"line":68,"column":54}},"37":{"start":{"line":68,"column":24},"end":{"line":68,"column":54}},"38":{"start":{"line":70,"column":2},"end":{"line":86,"column":3}},"39":{"start":{"line":71,"column":19},"end":{"line":81,"column":5}},"40":{"start":{"line":82,"column":4},"end":{"line":82,"column":39}},"41":{"start":{"line":84,"column":4},"end":{"line":84,"column":46}},"42":{"start":{"line":85,"column":4},"end":{"line":85,"column":27}},"43":{"start":{"line":90,"column":0},"end":{"line":117,"column":3}},"44":{"start":{"line":91,"column":13},"end":{"line":91,"column":30}},"45":{"start":{"line":92,"column":15},"end":{"line":92,"column":36}},"46":{"start":{"line":93,"column":15},"end":{"line":93,"column":34}},"47":{"start":{"line":94,"column":17},"end":{"line":94,"column":46}},"48":{"start":{"line":95,"column":25},"end":{"line":95,"column":57}},"49":{"start":{"line":97,"column":2},"end":{"line":97,"column":44}},"50":{"start":{"line":97,"column":24},"end":{"line":97,"column":44}},"51":{"start":{"line":99,"column":2},"end":{"line":116,"column":3}},"52":{"start":{"line":100,"column":19},"end":{"line":111,"column":5}},"53":{"start":{"line":112,"column":4},"end":{"line":112,"column":19}},"54":{"start":{"line":114,"column":4},"end":{"line":114,"column":51}},"55":{"start":{"line":115,"column":4},"end":{"line":115,"column":17}},"56":{"start":{"line":120,"column":0},"end":{"line":157,"column":3}},"57":{"start":{"line":121,"column":13},"end":{"line":121,"column":30}},"58":{"start":{"line":122,"column":15},"end":{"line":122,"column":36}},"59":{"start":{"line":123,"column":17},"end":{"line":123,"column":36}},"60":{"start":{"line":124,"column":17},"end":{"line":124,"column":66}},"61":{"start":{"line":125,"column":25},"end":{"line":125,"column":57}},"62":{"start":{"line":127,"column":2},"end":{"line":128,"column":71}},"63":{"start":{"line":128,"column":4},"end":{"line":128,"column":71}},"64":{"start":{"line":130,"column":2},"end":{"line":156,"column":3}},"65":{"start":{"line":132,"column":28},"end":{"line":142,"column":5}},"66":{"start":{"line":144,"column":4},"end":{"line":150,"column":5}},"67":{"start":{"line":145,"column":21},"end":{"line":145,"column":61}},"68":{"start":{"line":145,"column":46},"end":{"line":145,"column":60}},"69":{"start":{"line":146,"column":6},"end":{"line":149,"column":8}},"70":{"start":{"line":152,"column":4},"end":{"line":152,"column":32}},"71":{"start":{"line":154,"column":4},"end":{"line":154,"column":43}},"72":{"start":{"line":155,"column":4},"end":{"line":155,"column":62}},"73":{"start":{"line":159,"column":0},"end":{"line":159,"column":24}}},"fnMap":{"0":{"name":"requireAuth","decl":{"start":{"line":6,"column":9},"end":{"line":6,"column":20}},"loc":{"start":{"line":6,"column":37},"end":{"line":14,"column":1}},"line":6},"1":{"name":"requireRole","decl":{"start":{"line":16,"column":9},"end":{"line":16,"column":20}},"loc":{"start":{"line":16,"column":31},"end":{"line":29,"column":1}},"line":16},"2":{"name":"(anonymous_2)","decl":{"start":{"line":17,"column":9},"end":{"line":17,"column":10}},"loc":{"start":{"line":17,"column":29},"end":{"line":28,"column":3}},"line":17},"3":{"name":"parseDeptId","decl":{"start":{"line":34,"column":9},"end":{"line":34,"column":20}},"loc":{"start":{"line":34,"column":26},"end":{"line":36,"column":1}},"line":34},"4":{"name":"(anonymous_4)","decl":{"start":{"line":39,"column":59},"end":{"line":39,"column":60}},"loc":{"start":{"line":39,"column":79},"end":{"line":58,"column":1}},"line":39},"5":{"name":"(anonymous_5)","decl":{"start":{"line":61,"column":44},"end":{"line":61,"column":45}},"loc":{"start":{"line":61,"column":64},"end":{"line":87,"column":1}},"line":61},"6":{"name":"(anonymous_6)","decl":{"start":{"line":90,"column":35},"end":{"line":90,"column":36}},"loc":{"start":{"line":90,"column":55},"end":{"line":117,"column":1}},"line":90},"7":{"name":"(anonymous_7)","decl":{"start":{"line":120,"column":42},"end":{"line":120,"column":43}},"loc":{"start":{"line":120,"column":62},"end":{"line":157,"column":1}},"line":120},"8":{"name":"(anonymous_8)","decl":{"start":{"line":145,"column":39},"end":{"line":145,"column":40}},"loc":{"start":{"line":145,"column":46},"end":{"line":145,"column":60}},"line":145}},"branchMap":{"0":{"loc":{"start":{"line":7,"column":2},"end":{"line":9,"column":3}},"type":"if","locations":[{"start":{"line":7,"column":2},"end":{"line":9,"column":3}},{"start":{},"end":{}}],"line":7},"1":{"loc":{"start":{"line":10,"column":2},"end":{"line":12,"column":3}},"type":"if","locations":[{"start":{"line":10,"column":2},"end":{"line":12,"column":3}},{"start":{},"end":{}}],"line":10},"2":{"loc":{"start":{"line":18,"column":4},"end":{"line":20,"column":5}},"type":"if","locations":[{"start":{"line":18,"column":4},"end":{"line":20,"column":5}},{"start":{},"end":{}}],"line":18},"3":{"loc":{"start":{"line":21,"column":4},"end":{"line":23,"column":5}},"type":"if","locations":[{"start":{"line":21,"column":4},"end":{"line":23,"column":5}},{"start":{},"end":{}}],"line":21},"4":{"loc":{"start":{"line":24,"column":4},"end":{"line":26,"column":5}},"type":"if","locations":[{"start":{"line":24,"column":4},"end":{"line":26,"column":5}},{"start":{},"end":{}}],"line":24},"5":{"loc":{"start":{"line":35,"column":9},"end":{"line":35,"column":67}},"type":"cond-expr","locations":[{"start":{"line":35,"column":57},"end":{"line":35,"column":61}},{"start":{"line":35,"column":64},"end":{"line":35,"column":67}}],"line":35},"6":{"loc":{"start":{"line":35,"column":9},"end":{"line":35,"column":54}},"type":"binary-expr","locations":[{"start":{"line":35,"column":9},"end":{"line":35,"column":23}},{"start":{"line":35,"column":27},"end":{"line":35,"column":46}},{"start":{"line":35,"column":50},"end":{"line":35,"column":54}}],"line":35},"7":{"loc":{"start":{"line":47,"column":31},"end":{"line":47,"column":46}},"type":"binary-expr","locations":[{"start":{"line":47,"column":31},"end":{"line":47,"column":38}},{"start":{"line":47,"column":42},"end":{"line":47,"column":46}}],"line":47},"8":{"loc":{"start":{"line":47,"column":48},"end":{"line":47,"column":63}},"type":"binary-expr","locations":[{"start":{"line":47,"column":48},"end":{"line":47,"column":55}},{"start":{"line":47,"column":59},"end":{"line":47,"column":63}}],"line":47},"9":{"loc":{"start":{"line":66,"column":25},"end":{"line":66,"column":57}},"type":"cond-expr","locations":[{"start":{"line":66,"column":34},"end":{"line":66,"column":50}},{"start":{"line":66,"column":53},"end":{"line":66,"column":57}}],"line":66},"10":{"loc":{"start":{"line":68,"column":2},"end":{"line":68,"column":54}},"type":"if","locations":[{"start":{"line":68,"column":2},"end":{"line":68,"column":54}},{"start":{},"end":{}}],"line":68},"11":{"loc":{"start":{"line":68,"column":6},"end":{"line":68,"column":22}},"type":"binary-expr","locations":[{"start":{"line":68,"column":6},"end":{"line":68,"column":11}},{"start":{"line":68,"column":15},"end":{"line":68,"column":22}}],"line":68},"12":{"loc":{"start":{"line":95,"column":25},"end":{"line":95,"column":57}},"type":"cond-expr","locations":[{"start":{"line":95,"column":34},"end":{"line":95,"column":50}},{"start":{"line":95,"column":53},"end":{"line":95,"column":57}}],"line":95},"13":{"loc":{"start":{"line":97,"column":2},"end":{"line":97,"column":44}},"type":"if","locations":[{"start":{"line":97,"column":2},"end":{"line":97,"column":44}},{"start":{},"end":{}}],"line":97},"14":{"loc":{"start":{"line":97,"column":6},"end":{"line":97,"column":22}},"type":"binary-expr","locations":[{"start":{"line":97,"column":6},"end":{"line":97,"column":11}},{"start":{"line":97,"column":15},"end":{"line":97,"column":22}}],"line":97},"15":{"loc":{"start":{"line":124,"column":29},"end":{"line":124,"column":65}},"type":"binary-expr","locations":[{"start":{"line":124,"column":29},"end":{"line":124,"column":45}},{"start":{"line":124,"column":49},"end":{"line":124,"column":65}}],"line":124},"16":{"loc":{"start":{"line":125,"column":25},"end":{"line":125,"column":57}},"type":"cond-expr","locations":[{"start":{"line":125,"column":34},"end":{"line":125,"column":50}},{"start":{"line":125,"column":53},"end":{"line":125,"column":57}}],"line":125},"17":{"loc":{"start":{"line":127,"column":2},"end":{"line":128,"column":71}},"type":"if","locations":[{"start":{"line":127,"column":2},"end":{"line":128,"column":71}},{"start":{},"end":{}}],"line":127},"18":{"loc":{"start":{"line":127,"column":6},"end":{"line":127,"column":22}},"type":"binary-expr","locations":[{"start":{"line":127,"column":6},"end":{"line":127,"column":11}},{"start":{"line":127,"column":15},"end":{"line":127,"column":22}}],"line":127},"19":{"loc":{"start":{"line":144,"column":4},"end":{"line":150,"column":5}},"type":"if","locations":[{"start":{"line":144,"column":4},"end":{"line":150,"column":5}},{"start":{},"end":{}}],"line":144}},"s":{"0":3,"1":3,"2":3,"3":3,"4":0,"5":0,"6":0,"7":0,"8":0,"9":3,"10":0,"11":0,"12":0,"13":0,"14":0,"15":0,"16":0,"17":3,"18":0,"19":3,"20":0,"21":0,"22":0,"23":0,"24":0,"25":0,"26":0,"27":0,"28":0,"29":0,"30":3,"31":0,"32":0,"33":0,"34":0,"35":0,"36":0,"37":0,"38":0,"39":0,"40":0,"41":0,"42":0,"43":3,"44":0,"45":0,"46":0,"47":0,"48":0,"49":0,"50":0,"51":0,"52":0,"53":0,"54":0,"55":0,"56":3,"57":0,"58":0,"59":0,"60":0,"61":0,"62":0,"63":0,"64":0,"65":0,"66":0,"67":0,"68":0,"69":0,"70":0,"71":0,"72":0,"73":3},"f":{"0":0,"1":3,"2":0,"3":0,"4":0,"5":0,"6":0,"7":0,"8":0},"b":{"0":[0,0],"1":[0,0],"2":[0,0],"3":[0,0],"4":[0,0],"5":[0,0],"6":[0,0,0],"7":[0,0],"8":[0,0],"9":[0,0],"10":[0,0],"11":[0,0],"12":[0,0],"13":[0,0],"14":[0,0],"15":[0,0],"16":[0,0],"17":[0,0],"18":[0,0],"19":[0,0]},"_coverageSchema":"1a1c01bbd47fc00a2c39e90264f33305004495a9","hash":"0c2a4353cc33a086084820c325beecb95e45a5e2"}
,"C:\\Users\\ktony\\Desktop\\HTML\\Institute-Management-\\tests\\helpers.js": {"path":"C:\\Users\\ktony\\Desktop\\HTML\\Institute-Management-\\tests\\helpers.js","statementMap":{"0":{"start":{"line":1,"column":16},"end":{"line":1,"column":36}},"1":{"start":{"line":2,"column":15},"end":{"line":2,"column":32}},"2":{"start":{"line":3,"column":20},"end":{"line":3,"column":40}},"3":{"start":{"line":6,"column":14},"end":{"line":6,"column":44}},"4":{"start":{"line":7,"column":2},"end":{"line":7,"column":28}},"5":{"start":{"line":11,"column":17},"end":{"line":11,"column":48}},"6":{"start":{"line":12,"column":19},"end":{"line":15,"column":3}},"7":{"start":{"line":16,"column":2},"end":{"line":16,"column":25}},"8":{"start":{"line":20,"column":2},"end":{"line":20,"column":22}},"9":{"start":{"line":20,"column":15},"end":{"line":20,"column":22}},"10":{"start":{"line":21,"column":2},"end":{"line":21,"column":66}},"11":{"start":{"line":25,"column":16},"end":{"line":25,"column":34}},"12":{"start":{"line":26,"column":16},"end":{"line":26,"column":41}},"13":{"start":{"line":27,"column":14},"end":{"line":30,"column":33}},"14":{"start":{"line":31,"column":2},"end":{"line":31,"column":24}},"15":{"start":{"line":34,"column":0},"end":{"line":34,"column":79}}},"fnMap":{"0":{"name":"getCsrfToken","decl":{"start":{"line":5,"column":15},"end":{"line":5,"column":27}},"loc":{"start":{"line":5,"column":35},"end":{"line":8,"column":1}},"line":5},"1":{"name":"createUser","decl":{"start":{"line":10,"column":15},"end":{"line":10,"column":25}},"loc":{"start":{"line":10,"column":71},"end":{"line":17,"column":1}},"line":10},"2":{"name":"deleteUser","decl":{"start":{"line":19,"column":15},"end":{"line":19,"column":25}},"loc":{"start":{"line":19,"column":34},"end":{"line":22,"column":1}},"line":19},"3":{"name":"loginAgent","decl":{"start":{"line":24,"column":15},"end":{"line":24,"column":25}},"loc":{"start":{"line":24,"column":46},"end":{"line":32,"column":1}},"line":24}},"branchMap":{"0":{"loc":{"start":{"line":10,"column":54},"end":{"line":10,"column":67}},"type":"default-arg","locations":[{"start":{"line":10,"column":66},"end":{"line":10,"column":67}}],"line":10},"1":{"loc":{"start":{"line":20,"column":2},"end":{"line":20,"column":22}},"type":"if","locations":[{"start":{"line":20,"column":2},"end":{"line":20,"column":22}},{"start":{},"end":{}}],"line":20}},"s":{"0":3,"1":3,"2":3,"3":21,"4":21,"5":7,"6":7,"7":7,"8":7,"9":0,"10":7,"11":15,"12":15,"13":15,"14":15,"15":3},"f":{"0":21,"1":7,"2":7,"3":15},"b":{"0":[7],"1":[0,7]},"_coverageSchema":"1a1c01bbd47fc00a2c39e90264f33305004495a9","hash":"8f6931ab733a0fb58eb7353e929f691343f33b37"}
}
