TN:
SF:server.js
FN:72,(anonymous_0)
FN:76,requireAuth
FN:86,requireRole
FN:87,(anonymous_3)
FN:122,(anonymous_4)
FN:142,(anonymous_5)
FN:143,(anonymous_6)
FN:162,(anonymous_7)
FN:164,(anonymous_8)
FN:172,(anonymous_9)
FN:179,(anonymous_10)
FN:188,(anonymous_11)
FN:193,(anonymous_12)
FN:204,(anonymous_13)
FN:215,(anonymous_14)
FN:227,(anonymous_15)
FN:310,(anonymous_16)
FN:381,(anonymous_17)
FN:475,(anonymous_18)
FN:540,(anonymous_19)
FN:594,(anonymous_20)
FN:598,(anonymous_21)
FN:629,(anonymous_22)
FN:665,(anonymous_23)
FN:708,(anonymous_24)
FN:717,(anonymous_25)
FN:723,(anonymous_26)
FN:753,(anonymous_27)
FN:774,(anonymous_28)
FN:775,(anonymous_29)
FN:779,(anonymous_30)
FN:780,(anonymous_31)
FN:781,(anonymous_32)
FN:795,(anonymous_33)
FN:894,(anonymous_34)
FN:933,(anonymous_35)
FN:964,(anonymous_36)
FN:988,(anonymous_37)
FN:1032,(anonymous_38)
FN:1078,(anonymous_39)
FN:1109,(anonymous_40)
FN:1133,(anonymous_41)
FN:1176,(anonymous_42)
FN:1199,(anonymous_43)
FN:1215,(anonymous_44)
FN:1239,(anonymous_45)
FN:1266,(anonymous_46)
FN:1274,(anonymous_47)
FN:1276,(anonymous_48)
FN:1298,(anonymous_49)
FN:1357,isValidMark
FN:1363,(anonymous_51)
FN:1436,(anonymous_52)
FN:1476,(anonymous_53)
FN:1525,notifyFacultyLeaveDecision
FN:1556,(anonymous_55)
FN:1572,(anonymous_56)
FN:1588,(anonymous_57)
FN:1620,(anonymous_58)
FN:1649,(anonymous_59)
FN:1659,(anonymous_60)
FN:1674,(anonymous_61)
FN:1688,(anonymous_62)
FN:1702,(anonymous_63)
FN:1713,(anonymous_64)
FN:1734,(anonymous_65)
FN:1760,(anonymous_66)
FN:1772,(anonymous_67)
FN:1794,(anonymous_68)
FN:1819,(anonymous_69)
FN:1829,(anonymous_70)
FN:1919,(anonymous_71)
FN:1963,(anonymous_72)
FN:1987,(anonymous_73)
FN:1997,(anonymous_74)
FNF:75
FNH:13
FNDA:21,(anonymous_0)
FNDA:0,requireAuth
FNDA:114,requireRole
FNDA:8,(anonymous_3)
FNDA:15,(anonymous_4)
FNDA:3,(anonymous_5)
FNDA:0,(anonymous_6)
FNDA:0,(anonymous_7)
FNDA:0,(anonymous_8)
FNDA:0,(anonymous_9)
FNDA:0,(anonymous_10)
FNDA:0,(anonymous_11)
FNDA:0,(anonymous_12)
FNDA:0,(anonymous_13)
FNDA:0,(anonymous_14)
FNDA:15,(anonymous_15)
FNDA:0,(anonymous_16)
FNDA:0,(anonymous_17)
FNDA:0,(anonymous_18)
FNDA:0,(anonymous_19)
FNDA:0,(anonymous_20)
FNDA:0,(anonymous_21)
FNDA:0,(anonymous_22)
FNDA:0,(anonymous_23)
FNDA:0,(anonymous_24)
FNDA:0,(anonymous_25)
FNDA:0,(anonymous_26)
FNDA:0,(anonymous_27)
FNDA:0,(anonymous_28)
FNDA:0,(anonymous_29)
FNDA:0,(anonymous_30)
FNDA:0,(anonymous_31)
FNDA:0,(anonymous_32)
FNDA:0,(anonymous_33)
FNDA:0,(anonymous_34)
FNDA:0,(anonymous_35)
FNDA:0,(anonymous_36)
FNDA:0,(anonymous_37)
FNDA:0,(anonymous_38)
FNDA:0,(anonymous_39)
FNDA:0,(anonymous_40)
FNDA:0,(anonymous_41)
FNDA:0,(anonymous_42)
FNDA:0,(anonymous_43)
FNDA:0,(anonymous_44)
FNDA:0,(anonymous_45)
FNDA:2,(anonymous_46)
FNDA:1,(anonymous_47)
FNDA:2,(anonymous_48)
FNDA:1,(anonymous_49)
FNDA:7,isValidMark
FNDA:3,(anonymous_51)
FNDA:1,(anonymous_52)
FNDA:0,(anonymous_53)
FNDA:0,notifyFacultyLeaveDecision
FNDA:0,(anonymous_55)
FNDA:0,(anonymous_56)
FNDA:0,(anonymous_57)
FNDA:0,(anonymous_58)
FNDA:0,(anonymous_59)
FNDA:0,(anonymous_60)
FNDA:0,(anonymous_61)
FNDA:0,(anonymous_62)
FNDA:0,(anonymous_63)
FNDA:0,(anonymous_64)
FNDA:0,(anonymous_65)
FNDA:0,(anonymous_66)
FNDA:0,(anonymous_67)
FNDA:0,(anonymous_68)
FNDA:0,(anonymous_69)
FNDA:0,(anonymous_70)
FNDA:0,(anonymous_71)
FNDA:0,(anonymous_72)
FNDA:0,(anonymous_73)
FNDA:0,(anonymous_74)
DA:1,3
DA:4,3
DA:5,3
DA:6,3
DA:7,3
DA:8,3
DA:9,3
DA:10,3
DA:11,3
DA:12,3
DA:13,3
DA:14,3
DA:15,3
DA:18,3
DA:20,3
DA:21,3
DA:22,3
DA:23,3
DA:24,3
DA:27,0
DA:30,3
DA:45,3
DA:46,3
DA:47,3
DA:48,3
DA:49,3
DA:50,3
DA:52,3
DA:56,3
DA:57,3
DA:58,3
DA:67,3
DA:68,3
DA:69,3
DA:70,3
DA:72,3
DA:73,21
DA:77,0
DA:78,0
DA:80,0
DA:81,0
DA:83,0
DA:87,114
DA:88,8
DA:89,1
DA:91,7
DA:92,0
DA:94,7
DA:95,0
DA:97,7
DA:102,3
DA:109,3
DA:110,3
DA:111,0
DA:115,3
DA:122,15
DA:125,3
DA:134,3
DA:141,3
DA:142,3
DA:143,0
DA:145,3
DA:158,3
DA:159,3
DA:160,3
DA:162,3
DA:163,0
DA:164,0
DA:165,0
DA:166,0
DA:167,0
DA:168,0
DA:172,0
DA:173,0
DA:174,0
DA:175,0
DA:179,0
DA:180,0
DA:187,3
DA:189,0
DA:190,0
DA:191,0
DA:194,0
DA:198,3
DA:205,0
DA:206,0
DA:208,0
DA:212,3
DA:216,0
DA:217,0
DA:221,3
DA:224,3
DA:225,3
DA:227,3
DA:228,15
DA:230,15
DA:231,15
DA:235,15
DA:236,1
DA:242,14
DA:244,14
DA:245,1
DA:248,1
DA:253,13
DA:255,13
DA:256,6
DA:258,6
DA:259,1
DA:260,1
DA:264,1
DA:269,5
DA:274,5
DA:281,7
DA:286,7
DA:293,7
DA:295,0
DA:296,0
DA:303,3
DA:310,3
DA:311,0
DA:313,0
DA:314,0
DA:320,0
DA:322,0
DA:326,0
DA:330,0
DA:335,0
DA:336,0
DA:339,0
DA:340,0
DA:341,0
DA:344,0
DA:346,0
DA:351,0
DA:359,0
DA:373,0
DA:375,0
DA:376,0
DA:381,3
DA:382,0
DA:384,0
DA:385,0
DA:391,0
DA:392,0
DA:398,0
DA:399,0
DA:406,0
DA:407,0
DA:413,0
DA:415,0
DA:416,0
DA:422,0
DA:424,0
DA:425,0
DA:426,0
DA:430,0
DA:431,0
DA:433,0
DA:438,0
DA:439,0
DA:445,0
DA:446,0
DA:450,0
DA:452,0
DA:453,0
DA:458,0
DA:460,0
DA:462,0
DA:463,0
DA:466,0
DA:467,0
DA:468,0
DA:470,0
DA:475,3
DA:476,0
DA:478,0
DA:479,0
DA:482,0
DA:483,0
DA:491,0
DA:493,0
DA:494,0
DA:499,0
DA:501,0
DA:512,0
DA:514,0
DA:525,0
DA:527,0
DA:533,0
DA:534,0
DA:540,3
DA:541,0
DA:543,0
DA:544,0
DA:547,0
DA:549,0
DA:554,0
DA:555,0
DA:558,0
DA:561,0
DA:579,0
DA:593,0
DA:594,0
DA:595,0
DA:598,0
DA:599,0
DA:600,0
DA:601,0
DA:603,0
DA:604,0
DA:605,0
DA:606,0
DA:608,0
DA:621,0
DA:623,0
DA:624,0
DA:629,3
DA:630,0
DA:631,0
DA:632,0
DA:634,0
DA:635,0
DA:643,0
DA:644,0
DA:646,0
DA:648,0
DA:656,0
DA:658,0
DA:659,0
DA:665,3
DA:666,0
DA:667,0
DA:668,0
DA:669,0
DA:670,0
DA:671,0
DA:673,0
DA:674,0
DA:676,0
DA:677,0
DA:678,0
DA:679,0
DA:681,0
DA:682,0
DA:683,0
DA:686,0
DA:688,0
DA:689,0
DA:691,0
DA:696,0
DA:703,0
DA:704,0
DA:708,3
DA:709,0
DA:710,0
DA:715,0
DA:717,0
DA:718,0
DA:719,0
DA:720,0
DA:723,0
DA:724,0
DA:738,0
DA:740,0
DA:741,0
DA:742,0
DA:744,0
DA:745,0
DA:749,3
DA:754,0
DA:755,0
DA:758,0
DA:759,0
DA:765,0
DA:766,0
DA:768,0
DA:769,0
DA:773,0
DA:774,0
DA:775,0
DA:778,0
DA:779,0
DA:780,0
DA:781,0
DA:783,0
DA:784,0
DA:785,0
DA:786,0
DA:788,0
DA:789,0
DA:790,0
DA:792,0
DA:793,0
DA:795,0
DA:796,0
DA:797,0
DA:799,0
DA:800,0
DA:801,0
DA:802,0
DA:803,0
DA:804,0
DA:805,0
DA:807,0
DA:808,0
DA:809,0
DA:810,0
DA:812,0
DA:813,0
DA:815,0
DA:816,0
DA:817,0
DA:819,0
DA:820,0
DA:821,0
DA:823,0
DA:824,0
DA:826,0
DA:827,0
DA:828,0
DA:829,0
DA:830,0
DA:831,0
DA:832,0
DA:834,0
DA:837,0
DA:838,0
DA:839,0
DA:842,0
DA:843,0
DA:844,0
DA:846,0
DA:849,0
DA:851,0
DA:852,0
DA:853,0
DA:854,0
DA:856,0
DA:857,0
DA:861,0
DA:863,0
DA:864,0
DA:870,0
DA:872,0
DA:873,0
DA:876,0
DA:880,0
DA:888,0
DA:889,0
DA:894,3
DA:895,0
DA:896,0
DA:898,0
DA:900,0
DA:901,0
DA:903,0
DA:908,0
DA:910,0
DA:911,0
DA:919,0
DA:924,0
DA:925,0
DA:928,0
DA:929,0
DA:933,3
DA:934,0
DA:935,0
DA:937,0
DA:942,0
DA:943,0
DA:948,0
DA:950,0
DA:952,0
DA:954,0
DA:958,0
DA:964,3
DA:965,0
DA:966,0
DA:967,0
DA:969,0
DA:976,0
DA:977,0
DA:980,0
DA:982,0
DA:983,0
DA:988,3
DA:989,0
DA:990,0
DA:991,0
DA:992,0
DA:993,0
DA:994,0
DA:996,0
DA:997,0
DA:999,0
DA:1000,0
DA:1001,0
DA:1002,0
DA:1004,0
DA:1005,0
DA:1006,0
DA:1009,0
DA:1011,0
DA:1012,0
DA:1014,0
DA:1019,0
DA:1026,0
DA:1027,0
DA:1032,3
DA:1033,0
DA:1035,0
DA:1037,0
DA:1039,0
DA:1041,0
DA:1043,0
DA:1048,0
DA:1050,0
DA:1051,0
DA:1059,0
DA:1064,0
DA:1066,0
DA:1069,0
DA:1071,0
DA:1078,3
DA:1079,0
DA:1080,0
DA:1082,0
DA:1087,0
DA:1088,0
DA:1093,0
DA:1095,0
DA:1097,0
DA:1099,0
DA:1103,0
DA:1109,3
DA:1110,0
DA:1111,0
DA:1112,0
DA:1114,0
DA:1121,0
DA:1122,0
DA:1125,0
DA:1127,0
DA:1128,0
DA:1133,3
DA:1134,0
DA:1135,0
DA:1136,0
DA:1137,0
DA:1138,0
DA:1139,0
DA:1141,0
DA:1142,0
DA:1144,0
DA:1145,0
DA:1146,0
DA:1147,0
DA:1149,0
DA:1150,0
DA:1151,0
DA:1154,0
DA:1156,0
DA:1157,0
DA:1159,0
DA:1164,0
DA:1171,0
DA:1172,0
DA:1176,3
DA:1177,0
DA:1178,0
DA:1180,0
DA:1187,0
DA:1191,0
DA:1193,0
DA:1199,3
DA:1200,0
DA:1201,0
DA:1203,0
DA:1205,0
DA:1209,0
DA:1215,3
DA:1216,0
DA:1217,0
DA:1218,0
DA:1220,0
DA:1227,0
DA:1228,0
DA:1231,0
DA:1233,0
DA:1234,0
DA:1239,3
DA:1240,0
DA:1241,0
DA:1242,0
DA:1244,0
DA:1245,0
DA:1248,0
DA:1259,0
DA:1261,0
DA:1266,3
DA:1267,2
DA:1268,2
DA:1270,2
DA:1274,2
DA:1276,2
DA:1278,2
DA:1279,1
DA:1282,1
DA:1284,1
DA:1285,1
DA:1288,1
DA:1290,0
DA:1292,0
DA:1297,3
DA:1299,1
DA:1300,1
DA:1301,1
DA:1303,1
DA:1304,0
DA:1307,1
DA:1311,1
DA:1312,0
DA:1315,1
DA:1319,1
DA:1320,0
DA:1323,1
DA:1339,1
DA:1341,0
DA:1342,0
DA:1348,3
DA:1358,7
DA:1359,7
DA:1360,7
DA:1363,3
DA:1364,3
DA:1365,3
DA:1367,3
DA:1368,0
DA:1371,3
DA:1375,3
DA:1376,0
DA:1379,3
DA:1383,3
DA:1384,1
DA:1387,2
DA:1388,2
DA:1389,7
DA:1390,1
DA:1397,1
DA:1412,1
DA:1413,1
DA:1428,1
DA:1430,0
DA:1431,0
DA:1436,3
DA:1437,1
DA:1439,1
DA:1440,0
DA:1443,1
DA:1444,1
DA:1448,1
DA:1449,0
DA:1451,1
DA:1453,1
DA:1468,1
DA:1470,0
DA:1471,0
DA:1476,3
DA:1477,0
DA:1478,0
DA:1480,0
DA:1481,0
DA:1486,0
DA:1495,0
DA:1496,0
DA:1501,0
DA:1503,0
DA:1511,0
DA:1515,0
DA:1517,0
DA:1529,0
DA:1537,0
DA:1539,0
DA:1541,0
DA:1542,0
DA:1543,0
DA:1546,0
DA:1552,0
DA:1553,0
DA:1556,3
DA:1557,0
DA:1558,0
DA:1563,0
DA:1565,0
DA:1567,0
DA:1568,0
DA:1572,3
DA:1573,0
DA:1574,0
DA:1579,0
DA:1581,0
DA:1583,0
DA:1584,0
DA:1588,3
DA:1589,0
DA:1590,0
DA:1606,0
DA:1608,0
DA:1610,0
DA:1615,3
DA:1621,0
DA:1623,0
DA:1624,0
DA:1625,0
DA:1626,0
DA:1628,0
DA:1630,0
DA:1631,0
DA:1632,0
DA:1635,0
DA:1640,0
DA:1641,0
DA:1642,0
DA:1644,0
DA:1649,3
DA:1650,0
DA:1651,0
DA:1652,0
DA:1654,0
DA:1659,3
DA:1660,0
DA:1661,0
DA:1668,0
DA:1670,0
DA:1674,3
DA:1675,0
DA:1676,0
DA:1677,0
DA:1678,0
DA:1679,0
DA:1682,0
DA:1684,0
DA:1688,3
DA:1689,0
DA:1690,0
DA:1691,0
DA:1692,0
DA:1696,0
DA:1698,0
DA:1702,3
DA:1703,0
DA:1704,0
DA:1705,0
DA:1706,0
DA:1708,0
DA:1713,3
DA:1714,0
DA:1715,0
DA:1728,0
DA:1730,0
DA:1734,3
DA:1735,0
DA:1736,0
DA:1737,0
DA:1738,0
DA:1741,0
DA:1745,0
DA:1746,0
DA:1750,0
DA:1754,0
DA:1756,0
DA:1760,3
DA:1761,0
DA:1762,0
DA:1765,0
DA:1767,0
DA:1772,3
DA:1773,0
DA:1774,0
DA:1788,0
DA:1790,0
DA:1794,3
DA:1795,0
DA:1796,0
DA:1797,0
DA:1798,0
DA:1800,0
DA:1804,0
DA:1805,0
DA:1809,0
DA:1813,0
DA:1815,0
DA:1819,3
DA:1820,0
DA:1821,0
DA:1822,0
DA:1824,0
DA:1829,3
DA:1830,0
DA:1832,0
DA:1833,0
DA:1836,0
DA:1838,0
DA:1843,0
DA:1848,0
DA:1850,0
DA:1852,0
DA:1858,0
DA:1861,0
DA:1866,0
DA:1872,0
DA:1879,0
DA:1880,0
DA:1883,0
DA:1890,0
DA:1907,0
DA:1911,0
DA:1912,0
DA:1919,3
DA:1920,0
DA:1922,0
DA:1923,0
DA:1928,0
DA:1929,0
DA:1935,0
DA:1936,0
DA:1941,0
DA:1943,0
DA:1945,0
DA:1950,0
DA:1954,0
DA:1956,0
DA:1957,0
DA:1963,3
DA:1964,0
DA:1965,0
DA:1968,0
DA:1969,0
DA:1970,0
DA:1973,0
DA:1974,0
DA:1975,0
DA:1979,0
DA:1980,0
DA:1982,0
DA:1983,0
DA:1987,3
DA:1988,0
DA:1989,0
DA:1991,0
DA:1995,3
DA:1996,3
DA:1997,0
DA:1998,0
DA:2001,3
LF:755
LH:181
BRDA:2,0,0,3
BRDA:2,0,1,0
BRDA:23,1,0,3
BRDA:23,1,1,0
BRDA:53,2,0,3
BRDA:53,2,1,0
BRDA:77,3,0,0
BRDA:77,3,1,0
BRDA:80,4,0,0
BRDA:80,4,1,0
BRDA:88,5,0,1
BRDA:88,5,1,7
BRDA:91,6,0,0
BRDA:91,6,1,7
BRDA:94,7,0,0
BRDA:94,7,1,7
BRDA:110,8,0,0
BRDA:110,8,1,3
BRDA:122,9,0,3
BRDA:122,9,1,0
BRDA:166,10,0,0
BRDA:166,10,1,0
BRDA:173,11,0,0
BRDA:173,11,1,0
BRDA:190,12,0,0
BRDA:190,12,1,0
BRDA:205,13,0,0
BRDA:205,13,1,0
BRDA:235,14,0,1
BRDA:235,14,1,14
BRDA:244,15,0,1
BRDA:244,15,1,13
BRDA:244,16,0,14
BRDA:244,16,1,1
BRDA:255,17,0,6
BRDA:255,17,1,7
BRDA:258,18,0,1
BRDA:258,18,1,5
BRDA:313,19,0,0
BRDA:313,19,1,0
BRDA:313,20,0,0
BRDA:313,20,1,0
BRDA:313,20,2,0
BRDA:322,21,0,0
BRDA:322,21,1,0
BRDA:335,22,0,0
BRDA:335,22,1,0
BRDA:335,23,0,0
BRDA:335,23,1,0
BRDA:384,24,0,0
BRDA:384,24,1,0
BRDA:384,25,0,0
BRDA:384,25,1,0
BRDA:384,25,2,0
BRDA:384,25,3,0
BRDA:384,25,4,0
BRDA:391,26,0,0
BRDA:391,26,1,0
BRDA:406,27,0,0
BRDA:406,27,1,0
BRDA:415,28,0,0
BRDA:415,28,1,0
BRDA:424,29,0,0
BRDA:424,29,1,0
BRDA:430,30,0,0
BRDA:430,30,1,0
BRDA:431,31,0,0
BRDA:431,31,1,0
BRDA:438,32,0,0
BRDA:438,32,1,0
BRDA:438,33,0,0
BRDA:438,33,1,0
BRDA:467,34,0,0
BRDA:467,34,1,0
BRDA:478,35,0,0
BRDA:478,35,1,0
BRDA:493,36,0,0
BRDA:493,36,1,0
BRDA:543,37,0,0
BRDA:543,37,1,0
BRDA:554,38,0,0
BRDA:554,38,1,0
BRDA:599,39,0,0
BRDA:599,39,1,0
BRDA:600,40,0,0
BRDA:600,40,1,0
BRDA:601,41,0,0
BRDA:601,41,1,0
BRDA:604,42,0,0
BRDA:604,42,1,0
BRDA:605,43,0,0
BRDA:605,43,1,0
BRDA:606,44,0,0
BRDA:606,44,1,0
BRDA:631,45,0,0
BRDA:631,45,1,0
BRDA:643,46,0,0
BRDA:643,46,1,0
BRDA:667,47,0,0
BRDA:667,47,1,0
BRDA:668,48,0,0
BRDA:668,48,1,0
BRDA:669,49,0,0
BRDA:669,49,1,0
BRDA:670,50,0,0
BRDA:670,50,1,0
BRDA:676,51,0,0
BRDA:676,51,1,0
BRDA:681,52,0,0
BRDA:681,52,1,0
BRDA:686,53,0,0
BRDA:686,53,1,0
BRDA:718,54,0,0
BRDA:718,54,1,0
BRDA:718,55,0,0
BRDA:718,55,1,0
BRDA:720,56,0,0
BRDA:720,56,1,0
BRDA:730,57,0,0
BRDA:730,57,1,0
BRDA:731,58,0,0
BRDA:731,58,1,0
BRDA:754,59,0,0
BRDA:754,59,1,0
BRDA:765,60,0,0
BRDA:765,60,1,0
BRDA:768,61,0,0
BRDA:768,61,1,0
BRDA:780,62,0,0
BRDA:780,62,1,0
BRDA:799,63,0,0
BRDA:799,63,1,0
BRDA:800,64,0,0
BRDA:800,64,1,0
BRDA:801,65,0,0
BRDA:801,65,1,0
BRDA:802,66,0,0
BRDA:802,66,1,0
BRDA:803,67,0,0
BRDA:803,67,1,0
BRDA:804,68,0,0
BRDA:804,68,1,0
BRDA:805,69,0,0
BRDA:805,69,1,0
BRDA:805,69,2,0
BRDA:807,70,0,0
BRDA:807,70,1,0
BRDA:808,71,0,0
BRDA:808,71,1,0
BRDA:809,72,0,0
BRDA:809,72,1,0
BRDA:810,73,0,0
BRDA:810,73,1,0
BRDA:812,74,0,0
BRDA:812,74,1,0
BRDA:812,75,0,0
BRDA:812,75,1,0
BRDA:813,76,0,0
BRDA:813,76,1,0
BRDA:813,77,0,0
BRDA:813,77,1,0
BRDA:815,78,0,0
BRDA:815,78,1,0
BRDA:815,79,0,0
BRDA:815,79,1,0
BRDA:816,80,0,0
BRDA:816,80,1,0
BRDA:817,81,0,0
BRDA:817,81,1,0
BRDA:819,82,0,0
BRDA:819,82,1,0
BRDA:819,83,0,0
BRDA:819,83,1,0
BRDA:820,84,0,0
BRDA:820,84,1,0
BRDA:821,85,0,0
BRDA:821,85,1,0
BRDA:823,86,0,0
BRDA:823,86,1,0
BRDA:823,87,0,0
BRDA:823,87,1,0
BRDA:824,88,0,0
BRDA:824,88,1,0
BRDA:827,89,0,0
BRDA:827,89,1,0
BRDA:829,90,0,0
BRDA:829,90,1,0
BRDA:831,91,0,0
BRDA:831,91,1,0
BRDA:837,92,0,0
BRDA:837,92,1,0
BRDA:838,93,0,0
BRDA:838,93,1,0
BRDA:942,94,0,0
BRDA:942,94,1,0
BRDA:973,95,0,0
BRDA:973,95,1,0
BRDA:976,96,0,0
BRDA:976,96,1,0
BRDA:990,97,0,0
BRDA:990,97,1,0
BRDA:991,98,0,0
BRDA:991,98,1,0
BRDA:992,99,0,0
BRDA:992,99,1,0
BRDA:993,100,0,0
BRDA:993,100,1,0
BRDA:999,101,0,0
BRDA:999,101,1,0
BRDA:1004,102,0,0
BRDA:1004,102,1,0
BRDA:1009,103,0,0
BRDA:1009,103,1,0
BRDA:1087,104,0,0
BRDA:1087,104,1,0
BRDA:1121,105,0,0
BRDA:1121,105,1,0
BRDA:1135,106,0,0
BRDA:1135,106,1,0
BRDA:1136,107,0,0
BRDA:1136,107,1,0
BRDA:1137,108,0,0
BRDA:1137,108,1,0
BRDA:1138,109,0,0
BRDA:1138,109,1,0
BRDA:1144,110,0,0
BRDA:1144,110,1,0
BRDA:1149,111,0,0
BRDA:1149,111,1,0
BRDA:1154,112,0,0
BRDA:1154,112,1,0
BRDA:1227,113,0,0
BRDA:1227,113,1,0
BRDA:1244,114,0,0
BRDA:1244,114,1,0
BRDA:1244,115,0,0
BRDA:1244,115,1,0
BRDA:1278,116,0,1
BRDA:1278,116,1,1
BRDA:1303,117,0,0
BRDA:1303,117,1,1
BRDA:1303,118,0,1
BRDA:1303,118,1,1
BRDA:1311,119,0,0
BRDA:1311,119,1,1
BRDA:1319,120,0,0
BRDA:1319,120,1,1
BRDA:1358,121,0,0
BRDA:1358,121,1,7
BRDA:1358,122,0,7
BRDA:1358,122,1,7
BRDA:1358,122,2,7
BRDA:1360,123,0,7
BRDA:1360,123,1,7
BRDA:1360,123,2,7
BRDA:1367,124,0,0
BRDA:1367,124,1,3
BRDA:1367,125,0,3
BRDA:1367,125,1,3
BRDA:1367,125,2,3
BRDA:1367,125,3,3
BRDA:1375,126,0,0
BRDA:1375,126,1,3
BRDA:1383,127,0,1
BRDA:1383,127,1,2
BRDA:1389,128,0,1
BRDA:1389,128,1,6
BRDA:1418,129,0,1
BRDA:1418,129,1,0
BRDA:1419,130,0,1
BRDA:1419,130,1,0
BRDA:1420,131,0,1
BRDA:1420,131,1,0
BRDA:1421,132,0,1
BRDA:1421,132,1,0
BRDA:1422,133,0,1
BRDA:1422,133,1,0
BRDA:1423,134,0,1
BRDA:1423,134,1,0
BRDA:1439,135,0,0
BRDA:1439,135,1,1
BRDA:1448,136,0,0
BRDA:1448,136,1,1
BRDA:1480,137,0,0
BRDA:1480,137,1,0
BRDA:1480,138,0,0
BRDA:1480,138,1,0
BRDA:1480,138,2,0
BRDA:1480,138,3,0
BRDA:1495,139,0,0
BRDA:1495,139,1,0
BRDA:1537,140,0,0
BRDA:1537,140,1,0
BRDA:1621,141,0,0
BRDA:1621,141,1,0
BRDA:1624,142,0,0
BRDA:1624,142,1,0
BRDA:1630,143,0,0
BRDA:1630,143,1,0
BRDA:1630,144,0,0
BRDA:1630,144,1,0
BRDA:1641,145,0,0
BRDA:1641,145,1,0
BRDA:1641,146,0,0
BRDA:1641,146,1,0
BRDA:1677,147,0,0
BRDA:1677,147,1,0
BRDA:1693,148,0,0
BRDA:1693,148,1,0
BRDA:1737,149,0,0
BRDA:1737,149,1,0
BRDA:1737,150,0,0
BRDA:1737,150,1,0
BRDA:1737,150,2,0
BRDA:1737,150,3,0
BRDA:1745,151,0,0
BRDA:1745,151,1,0
BRDA:1797,152,0,0
BRDA:1797,152,1,0
BRDA:1797,153,0,0
BRDA:1797,153,1,0
BRDA:1797,153,2,0
BRDA:1797,153,3,0
BRDA:1797,153,4,0
BRDA:1804,154,0,0
BRDA:1804,154,1,0
BRDA:1832,155,0,0
BRDA:1832,155,1,0
BRDA:1848,156,0,0
BRDA:1848,156,1,0
BRDA:1850,157,0,0
BRDA:1850,157,1,0
BRDA:1879,158,0,0
BRDA:1879,158,1,0
BRDA:1922,159,0,0
BRDA:1922,159,1,0
BRDA:1922,160,0,0
BRDA:1922,160,1,0
BRDA:1935,161,0,0
BRDA:1935,161,1,0
BRDA:1964,162,0,0
BRDA:1964,162,1,0
BRDA:1969,163,0,0
BRDA:1969,163,1,0
BRDA:1969,164,0,0
BRDA:1969,164,1,0
BRDA:1988,165,0,0
BRDA:1988,165,1,0
BRDA:1988,166,0,0
BRDA:1988,166,1,0
BRDA:1995,167,0,3
BRDA:1995,167,1,3
BRDA:1996,168,0,0
BRDA:1996,168,1,3
BRF:354
BRH:54
end_of_record
TN:
SF:routes\notifications.js
FN:6,requireAuth
FN:16,requireRole
FN:17,(anonymous_2)
FN:34,parseDeptId
FN:39,(anonymous_4)
FN:61,(anonymous_5)
FN:90,(anonymous_6)
FN:120,(anonymous_7)
FN:145,(anonymous_8)
FNF:9
FNH:1
FNDA:0,requireAuth
FNDA:3,requireRole
FNDA:0,(anonymous_2)
FNDA:0,parseDeptId
FNDA:0,(anonymous_4)
FNDA:0,(anonymous_5)
FNDA:0,(anonymous_6)
FNDA:0,(anonymous_7)
FNDA:0,(anonymous_8)
DA:1,3
DA:2,3
DA:3,3
DA:4,3
DA:7,0
DA:8,0
DA:10,0
DA:11,0
DA:13,0
DA:17,3
DA:18,0
DA:19,0
DA:21,0
DA:22,0
DA:24,0
DA:25,0
DA:27,0
DA:31,3
DA:35,0
DA:39,3
DA:40,0
DA:41,0
DA:42,0
DA:44,0
DA:45,0
DA:50,0
DA:51,0
DA:53,0
DA:55,0
DA:56,0
DA:61,3
DA:62,0
DA:63,0
DA:64,0
DA:65,0
DA:66,0
DA:68,0
DA:70,0
DA:71,0
DA:82,0
DA:84,0
DA:85,0
DA:90,3
DA:91,0
DA:92,0
DA:93,0
DA:94,0
DA:95,0
DA:97,0
DA:99,0
DA:100,0
DA:112,0
DA:114,0
DA:115,0
DA:120,3
DA:121,0
DA:122,0
DA:123,0
DA:124,0
DA:125,0
DA:127,0
DA:128,0
DA:130,0
DA:132,0
DA:144,0
DA:145,0
DA:146,0
DA:152,0
DA:154,0
DA:155,0
DA:159,3
LF:71
LH:11
BRDA:7,0,0,0
BRDA:7,0,1,0
BRDA:10,1,0,0
BRDA:10,1,1,0
BRDA:18,2,0,0
BRDA:18,2,1,0
BRDA:21,3,0,0
BRDA:21,3,1,0
BRDA:24,4,0,0
BRDA:24,4,1,0
BRDA:35,5,0,0
BRDA:35,5,1,0
BRDA:35,6,0,0
BRDA:35,6,1,0
BRDA:35,6,2,0
BRDA:47,7,0,0
BRDA:47,7,1,0
BRDA:47,8,0,0
BRDA:47,8,1,0
BRDA:66,9,0,0
BRDA:66,9,1,0
BRDA:68,10,0,0
BRDA:68,10,1,0
BRDA:68,11,0,0
BRDA:68,11,1,0
BRDA:95,12,0,0
BRDA:95,12,1,0
BRDA:97,13,0,0
BRDA:97,13,1,0
BRDA:97,14,0,0
BRDA:97,14,1,0
BRDA:124,15,0,0
BRDA:124,15,1,0
BRDA:125,16,0,0
BRDA:125,16,1,0
BRDA:127,17,0,0
BRDA:127,17,1,0
BRDA:127,18,0,0
BRDA:127,18,1,0
BRDA:144,19,0,0
BRDA:144,19,1,0
BRF:41
BRH:0
end_of_record
TN:
SF:tests\helpers.js
FN:5,getCsrfToken
FN:10,createUser
FN:19,deleteUser
FN:24,loginAgent
FNF:4
FNH:4
FNDA:21,getCsrfToken
FNDA:7,createUser
FNDA:7,deleteUser
FNDA:15,loginAgent
DA:1,3
DA:2,3
DA:3,3
DA:6,21
DA:7,21
DA:11,7
DA:12,7
DA:16,7
DA:20,7
DA:21,7
DA:25,15
DA:26,15
DA:27,15
DA:31,15
DA:34,3
LF:15
LH:15
BRDA:10,0,0,7
BRDA:20,1,0,0
BRDA:20,1,1,7
BRF:3
BRH:2
end_of_record
